#
# A fatal error has been detected by the Java Runtime Environment:
#
#  SIGSEGV (0xb) at pc=0x00007f27bcb43c08, pid=4149, tid=139808673371904
#
# JRE version: 7.0_21-b11
# Java VM: Java HotSpot(TM) 64-Bit Server VM (23.21-b01 mixed mode linux-amd64 compressed oops)
# Problematic frame:
# C  [libX11.so.6+0x35c08]  XQueryExtension+0x28
#
# Failed to write core dump. Core dumps have been disabled. To enable core dumping, try "ulimit -c unlimited" before starting Java again
#
# If you would like to submit a bug report, please visit:
#   http://bugreport.sun.com/bugreport/crash.jsp
#

---------------  T H R E A D  ---------------

Current thread (0x00000000019fa000):  VMThread [stack: 0x00007f27be401000,0x00007f27be502000] [id=4160]

siginfo:si_signo=SIGSEGV: si_errno=0, si_code=1 (SEGV_MAPERR), si_addr=0xffffffffb80960c8

Registers:
RAX=0x0000000001b45ec0, RBX=0xffffffffb8095760, RCX=0x00007f27be500858, RDX=0x00007f27be500854
RSP=0x00007f27be5007f0, RBP=0x00007f27b7c87452, RSI=0x00007f27b7c87452, RDI=0xffffffffb8095760
R8 =0x00007f27be50085c, R9 =0x0000000000000000, R10=0x00007f27ca732ea8, R11=0x00007f27ca3cebe0
R12=0x00007f27be500854, R13=0x00007f27b7c87452, R14=0x0000000001b45ec0, R15=0x0000000000000000
RIP=0x00007f27bcb43c08, EFLAGS=0x0000000000010206, CSGSFS=0x0000000000000033, ERR=0x0000000000000005
  TRAPNO=0x000000000000000e

Top of Stack: (sp=0x00007f27be5007f0)
0x00007f27be5007f0:   00007f27ca3a15c8 00007f27caf68548
0x00007f27be500800:   00007f27caf8f048 00007f27b8000020
0x00007f27be500810:   0000000000000000 ffffffffb8095760
0x00007f27be500820:   00007f27b7c87452 0000000000000000
0x00007f27be500830:   00007f27b7c87452 0000000001b45ec0
0x00007f27be500840:   0000000000000000 00007f27bcb374f5
0x00007f27be500850:   00007f27caf8f048 00007f27b7dbfd40
0x00007f27be500860:   00007f27b7dbfd40 ffffffffb8095760
0x00007f27be500870:   00007f27b80c1fa0 00007f27bce5473b
0x00007f27be500880:   00007f27b80c7300 00000011ca3a15c8
0x00007f27be500890:   00007f27be500910 0000000000000000
0x00007f27be5008a0:   00007f27be500910 ffffffffb8095760
0x00007f27be5008b0:   0000000000000000 00007f27caf8f048
0x00007f27be5008c0:   00007f27b7dd9410 00007f27b7c2de39
0x00007f27be5008d0:   0000000000000000 0000000000000037
0x00007f27be5008e0:   00007f27be500910 00007f27be500930
0x00007f27be5008f0:   0000000000000000 00007f27caf8f048
0x00007f27be500900:   00007f27b809cc70 00007f27b7c248a2
0x00007f27be500910:   00007f27be500b60 00007f27b7c873c1
0x00007f27be500920:   00007f27be500b60 00007f27cad7d135
0x00007f27be500930:   00007f27caf902c8 00007f27caf90858
0x00007f27be500940:   00007f27caf8db50 000000000196efa0
0x00007f27be500950:   000000000196fa60 000000000196ff60
0x00007f27be500960:   0000000001974df0 00007f27b803fb60
0x00007f27be500970:   00007f27b8041110 00007f27b80415e0
0x00007f27be500980:   00007f27b80c2360 00007f27b80c2870
0x00007f27be500990:   00007f27b80f1580 00007f27b809cc70
0x00007f27be5009a0:   00007f27b80f1a20 00007f27b8040280
0x00007f27be5009b0:   00007f27b82bf6d0 00007f27b8040c30
0x00007f27be5009c0:   00007f27b82bfb70 00007f27b8040720
0x00007f27be5009d0:   0000000001f2e2e0 0000000001f2e9f0
0x00007f27be5009e0:   0000000001f46b80 0000000001f41100 

Instructions: (pc=0x00007f27bcb43c08)
0x00007f27bcb43be8:   24 d8 48 89 fb 4c 89 64 24 e0 4c 89 6c 24 e8 49
0x00007f27bcb43bf8:   89 d4 4c 89 74 24 f0 4c 89 7c 24 f8 48 83 ec 58
0x00007f27bcb43c08:   48 8b 87 68 09 00 00 49 89 f5 48 89 cd 4d 89 c6
0x00007f27bcb43c18:   48 85 c0 74 02 ff 10 4c 8b bb b0 00 00 00 49 8d 

Register to memory mapping:

RAX=0x0000000001b45ec0 is an unknown value
RBX=0xffffffffb8095760 is an unknown value
RCX=0x00007f27be500858 is an unknown value
RDX=0x00007f27be500854 is an unknown value
RSP=0x00007f27be5007f0 is an unknown value
RBP=0x00007f27b7c87452: <offset 0x96452> in /usr/lib/fglrx/libGL.so.1 at 0x00007f27b7bf1000
RSI=0x00007f27b7c87452: <offset 0x96452> in /usr/lib/fglrx/libGL.so.1 at 0x00007f27b7bf1000
RDI=0xffffffffb8095760 is an unknown value
R8 =0x00007f27be50085c is an unknown value
R9 =0x0000000000000000 is an unknown value
R10=0x00007f27ca732ea8: <offset 0x39fea8> in /lib/x86_64-linux-gnu/libc.so.6 at 0x00007f27ca393000
R11=0x00007f27ca3cebe0: __cxa_finalize+0 in /lib/x86_64-linux-gnu/libc.so.6 at 0x00007f27ca393000
R12=0x00007f27be500854 is an unknown value
R13=0x00007f27b7c87452: <offset 0x96452> in /usr/lib/fglrx/libGL.so.1 at 0x00007f27b7bf1000
R14=0x0000000001b45ec0 is an unknown value
R15=0x0000000000000000 is an unknown value


Stack: [0x00007f27be401000,0x00007f27be502000],  sp=0x00007f27be5007f0,  free space=1021k
Native frames: (J=compiled Java code, j=interpreted, Vv=VM code, C=native code)
C  [libX11.so.6+0x35c08]  XQueryExtension+0x28

VM_Operation (0x00007f27b3c47ed0): Exit, mode: safepoint, requested by thread 0x00007f27b8345000


---------------  P R O C E S S  ---------------

Java Threads: ( => current thread )
  0x0000000001ff8000 JavaThread "Direct Clip" daemon [_thread_blocked, id=4191, stack(0x00007f279a76a000,0x00007f279a86b000)]
  0x0000000001fed000 JavaThread "Direct Clip" daemon [_thread_blocked, id=4189, stack(0x00007f279f06d000,0x00007f279f16e000)]
  0x0000000001fdd000 JavaThread "Direct Clip" daemon [_thread_blocked, id=4187, stack(0x00007f27a3970000,0x00007f27a3a71000)]
  0x0000000001fc1800 JavaThread "Direct Clip" daemon [_thread_blocked, id=4185, stack(0x00007f27a8273000,0x00007f27a8374000)]
  0x0000000001fb7800 JavaThread "Direct Clip" daemon [_thread_blocked, id=4183, stack(0x00007f27b324d000,0x00007f27b334e000)]
  0x0000000001f4f800 JavaThread "Java Sound Event Dispatcher" daemon [_thread_blocked, id=4179, stack(0x00007f27b334e000,0x00007f27b344f000)]
  0x00007f27b8345000 JavaThread "AWT-EventQueue-0" [_thread_blocked, id=4172, stack(0x00007f27b3b4a000,0x00007f27b3c4b000)]
  0x00007f27b8337800 JavaThread "AWT-Shutdown" [_thread_blocked, id=4171, stack(0x00007f27b3c4b000,0x00007f27b3d4c000)]
  0x00007f27b82ce800 JavaThread "AWT-XAWT" daemon [_thread_blocked, id=4170, stack(0x00007f27b3d4c000,0x00007f27b3e4d000)]
  0x00007f27b8293800 JavaThread "Java2D Disposer" daemon [_thread_blocked, id=4169, stack(0x00007f27b425d000,0x00007f27b435e000)]
  0x0000000001aae800 JavaThread "Java2D Queue Flusher" daemon [_thread_blocked, id=4168, stack(0x00007f27b4c3c000,0x00007f27b4d3d000)]
  0x00007f27b800a000 JavaThread "Service Thread" daemon [_thread_blocked, id=4166, stack(0x00007f27bd6a4000,0x00007f27bd7a5000)]
  0x0000000001a5b800 JavaThread "C2 CompilerThread1" daemon [_thread_blocked, id=4165, stack(0x00007f27b56a4000,0x00007f27b57a5000)]
  0x0000000001a58800 JavaThread "C2 CompilerThread0" daemon [_thread_blocked, id=4164, stack(0x00007f27bd7a5000,0x00007f27bd8a6000)]
  0x0000000001a56800 JavaThread "Signal Dispatcher" daemon [_thread_blocked, id=4163, stack(0x00007f27bd8a6000,0x00007f27bd9a7000)]
  0x0000000001a04000 JavaThread "Finalizer" daemon [_thread_blocked, id=4162, stack(0x00007f27be1ff000,0x00007f27be300000)]
  0x0000000001a01800 JavaThread "Reference Handler" daemon [_thread_blocked, id=4161, stack(0x00007f27be300000,0x00007f27be401000)]
  0x0000000001970800 JavaThread "main" [_thread_blocked, id=4151, stack(0x00007f27cae64000,0x00007f27caf65000)]

Other Threads:
=>0x00000000019fa000 VMThread [stack: 0x00007f27be401000,0x00007f27be502000] [id=4160]

VM state:at safepoint (shutting down)

VM Mutex/Monitor currently owned by a thread:  ([mutex/lock_event])
[0x000000000196d170] Threads_lock - owner thread: 0x00000000019fa000

Heap
 PSYoungGen      total 37376K, used 31999K [0x00000007d64b0000, 0x00000007d8e60000, 0x0000000800000000)
  eden space 32064K, 83% used [0x00000007d64b0000,0x00000007d7ec4508,0x00000007d8400000)
  from space 5312K, 99% used [0x00000007d8400000,0x00000007d892bab0,0x00000007d8930000)
  to   space 5312K, 0% used [0x00000007d8930000,0x00000007d8930000,0x00000007d8e60000)
 ParOldGen       total 85376K, used 2902K [0x0000000782e00000, 0x0000000788160000, 0x00000007d64b0000)
  object space 85376K, 3% used [0x0000000782e00000,0x00000007830d5830,0x0000000788160000)
 PSPermGen       total 21248K, used 10202K [0x000000077dc00000, 0x000000077f0c0000, 0x0000000782e00000)
  object space 21248K, 48% used [0x000000077dc00000,0x000000077e5f6900,0x000000077f0c0000)

Card table byte_map: [0x00007f27c4f3c000,0x00007f27c534f000] byte_map_base: 0x00007f27c134e000

Polling page: 0x00007f27caf8b000

Code Cache  [0x00007f27c534f000, 0x00007f27c55bf000, 0x00007f27c834f000)
 total_blobs=628 nmethods=181 adapters=399 free_code_cache=48291Kb largest_free_block=49423936

Compilation events (10 events):
Event: 3,104 Thread 0x0000000001a58800 nmethod 173 0x00007f27c540d190 code [0x00007f27c540d340, 0x00007f27c540d928]
Event: 3,130 Thread 0x0000000001a5b800 nmethod 172 0x00007f27c5421310 code [0x00007f27c5421540, 0x00007f27c5422720]
Event: 3,191 Thread 0x0000000001a58800  174             java.lang.String::length (6 bytes)
Event: 3,192 Thread 0x0000000001a58800 nmethod 174 0x00007f27c5421050 code [0x00007f27c5421180, 0x00007f27c54211f8]
Event: 4,856 Thread 0x0000000001a5b800  175             sun.java2d.pipe.AlphaPaintPipe::renderPathTile (491 bytes)
Event: 4,875 Thread 0x0000000001a5b800 nmethod 175 0x00007f27c542ab90 code [0x00007f27c542adc0, 0x00007f27c542bbb0]
Event: 11,036 Thread 0x0000000001a58800  176             java.util.HashMap::clear (39 bytes)
Event: 11,038 Thread 0x0000000001a58800 nmethod 176 0x00007f27c540ce90 code [0x00007f27c540cfe0, 0x00007f27c540d0f8]
Event: 12,210 Thread 0x0000000001a5b800  177             java.util.HashMap::indexFor (6 bytes)
Event: 12,211 Thread 0x0000000001a5b800 nmethod 177 0x00007f27c53bd590 code [0x00007f27c53bd6c0, 0x00007f27c53bd6f8]

GC Heap History (2 events):
Event: 3,533 GC heap before
{Heap before GC invocations=1 (full 0):
 PSYoungGen      total 37376K, used 32064K [0x00000007d64b0000, 0x00000007d8e60000, 0x0000000800000000)
  eden space 32064K, 100% used [0x00000007d64b0000,0x00000007d8400000,0x00000007d8400000)
  from space 5312K, 0% used [0x00000007d8930000,0x00000007d8930000,0x00000007d8e60000)
  to   space 5312K, 0% used [0x00000007d8400000,0x00000007d8400000,0x00000007d8930000)
 ParOldGen       total 85376K, used 0K [0x0000000782e00000, 0x0000000788160000, 0x00000007d64b0000)
  object space 85376K, 0% used [0x0000000782e00000,0x0000000782e00000,0x0000000788160000)
 PSPermGen       total 21248K, used 10105K [0x000000077dc00000, 0x000000077f0c0000, 0x0000000782e00000)
  object space 21248K, 47% used [0x000000077dc00000,0x000000077e5de690,0x000000077f0c0000)
Event: 3,546 GC heap after
Heap after GC invocations=1 (full 0):
 PSYoungGen      total 37376K, used 5294K [0x00000007d64b0000, 0x00000007d8e60000, 0x0000000800000000)
  eden space 32064K, 0% used [0x00000007d64b0000,0x00000007d64b0000,0x00000007d8400000)
  from space 5312K, 99% used [0x00000007d8400000,0x00000007d892bab0,0x00000007d8930000)
  to   space 5312K, 0% used [0x00000007d8930000,0x00000007d8930000,0x00000007d8e60000)
 ParOldGen       total 85376K, used 2902K [0x0000000782e00000, 0x0000000788160000, 0x00000007d64b0000)
  object space 85376K, 3% used [0x0000000782e00000,0x00000007830d5830,0x0000000788160000)
 PSPermGen       total 21248K, used 10105K [0x000000077dc00000, 0x000000077f0c0000, 0x0000000782e00000)
  object space 21248K, 47% used [0x000000077dc00000,0x000000077e5de690,0x000000077f0c0000)
}

Deoptimization events (7 events):
Event: 0,774 Thread 0x0000000001970800 Uncommon trap -34 fr.pc 0x00007f27c53d362c
Event: 0,776 Thread 0x0000000001970800 Uncommon trap -34 fr.pc 0x00007f27c53d362c
Event: 0,778 Thread 0x0000000001970800 Uncommon trap -34 fr.pc 0x00007f27c53d362c
Event: 0,779 Thread 0x0000000001970800 Uncommon trap -34 fr.pc 0x00007f27c53d362c
Event: 0,830 Thread 0x0000000001970800 Uncommon trap 64 fr.pc 0x00007f27c53d45e8
Event: 0,830 Thread 0x0000000001970800 Uncommon trap -67 fr.pc 0x00007f27c53dd2cc
Event: 3,549 Thread 0x0000000001970800 Uncommon trap -12 fr.pc 0x00007f27c53f6214

Internal exceptions (10 events):
Event: 0,688 Thread 0x0000000001970800 Threw 0x00000007d69721d0 at /HUDSON/workspace/jdk7u21-2-build-linux-amd64-product/jdk7u21/hotspot/src/share/vm/prims/jvm.cpp:1166
Event: 0,690 Thread 0x0000000001970800 Threw 0x00000007d6975698 at /HUDSON/workspace/jdk7u21-2-build-linux-amd64-product/jdk7u21/hotspot/src/share/vm/prims/jvm.cpp:1166
Event: 0,691 Thread 0x0000000001970800 Threw 0x00000007d6977198 at /HUDSON/workspace/jdk7u21-2-build-linux-amd64-product/jdk7u21/hotspot/src/share/vm/prims/jvm.cpp:1166
Event: 0,704 Thread 0x0000000001970800 Threw 0x00000007d697a8a0 at /HUDSON/workspace/jdk7u21-2-build-linux-amd64-product/jdk7u21/hotspot/src/share/vm/prims/jvm.cpp:1166
Event: 0,705 Thread 0x0000000001970800 Threw 0x00000007d6981000 at /HUDSON/workspace/jdk7u21-2-build-linux-amd64-product/jdk7u21/hotspot/src/share/vm/prims/jvm.cpp:1166
Event: 0,705 Thread 0x0000000001970800 Threw 0x00000007d6986f10 at /HUDSON/workspace/jdk7u21-2-build-linux-amd64-product/jdk7u21/hotspot/src/share/vm/prims/jvm.cpp:1166
Event: 0,706 Thread 0x0000000001970800 Threw 0x00000007d6989080 at /HUDSON/workspace/jdk7u21-2-build-linux-amd64-product/jdk7u21/hotspot/src/share/vm/prims/jvm.cpp:1166
Event: 0,706 Thread 0x0000000001970800 Threw 0x00000007d698f928 at /HUDSON/workspace/jdk7u21-2-build-linux-amd64-product/jdk7u21/hotspot/src/share/vm/prims/jvm.cpp:1166
Event: 1,065 Thread 0x00007f27b8345000 Threw 0x00000007d673f388 at /HUDSON/workspace/jdk7u21-2-build-linux-amd64-product/jdk7u21/hotspot/src/share/vm/prims/jni.cpp:742
Event: 3,549 Thread 0x0000000001970800 Implicit null exception at 0x00007f27c53f4ef7 to 0x00007f27c53f61d5

Events (10 events):
Event: 14,626 loading class 0x00007f27b849c360 done
Event: 14,626 loading class 0x0000000001a005a0
Event: 14,626 loading class 0x0000000001a005a0 done
Event: 14,949 Thread 0x00007f27b80a9800 Thread added: 0x00007f27b80a9800
Event: 14,950 loading class 0x00007f27b82a8590
Event: 14,950 loading class 0x0000000001ffa7d0
Event: 14,950 loading class 0x0000000001ffa7d0 done
Event: 14,950 loading class 0x00007f27b82a8590 done
Event: 14,950 Thread 0x00007f27b80a9800 Thread exited: 0x00007f27b80a9800
Event: 14,951 Executing VM operation: Exit


Dynamic libraries:
00400000-00401000 r-xp 00000000 08:05 1468702                            /usr/lib/jvm/java-7-oracle/bin/java
00600000-00601000 rw-p 00000000 08:05 1468702                            /usr/lib/jvm/java-7-oracle/bin/java
01967000-0264b000 rw-p 00000000 00:00 0                                  [heap]
77dc00000-77f0c0000 rw-p 00000000 00:00 0 
77f0c0000-782e00000 rw-p 00000000 00:00 0 
782e00000-788160000 rw-p 00000000 00:00 0 
788160000-7d64b0000 rw-p 00000000 00:00 0 
7d64b0000-7d8e60000 rw-p 00000000 00:00 0 
7d8e60000-800000000 rw-p 00000000 00:00 0 
7f2795b29000-7f2795b2c000 ---p 00000000 00:00 0 
7f2795b2c000-7f2795c2a000 rw-p 00000000 00:00 0 
7f2795c2a000-7f2795e2a000 rw-s dced4000 00:05 9325                       /dev/ati/card0
7f2795e2a000-7f279602a000 rw-s dc4d4000 00:05 9325                       /dev/ati/card0
7f279602a000-7f279622a000 rw-s dc066000 00:05 9325                       /dev/ati/card0
7f279622a000-7f279642a000 rw-s dbe66000 00:05 9325                       /dev/ati/card0
7f279642a000-7f279662a000 rw-s df4d4000 00:05 9325                       /dev/ati/card0
7f279662a000-7f279682a000 rw-s df2d4000 00:05 9325                       /dev/ati/card0
7f279682a000-7f2796a2a000 rw-s df0d4000 00:05 9325                       /dev/ati/card0
7f2796a2a000-7f2796c2a000 rw-s deed4000 00:05 9325                       /dev/ati/card0
7f2796c2a000-7f2796e2a000 rw-s decd4000 00:05 9325                       /dev/ati/card0
7f2796e2a000-7f279702a000 rw-s dead4000 00:05 9325                       /dev/ati/card0
7f279702a000-7f279722a000 rw-s de8d4000 00:05 9325                       /dev/ati/card0
7f279722a000-7f279732a000 rw-s 0da52000 00:05 9325                       /dev/ati/card0
7f279732a000-7f279752a000 rw-s de6d4000 00:05 9325                       /dev/ati/card0
7f279752a000-7f279772a000 rw-s de4d4000 00:05 9325                       /dev/ati/card0
7f279772a000-7f279792a000 rw-s dbc66000 00:05 9325                       /dev/ati/card0
7f279792a000-7f2797b2a000 rw-s dba66000 00:05 9325                       /dev/ati/card0
7f2797b2a000-7f2797d2a000 rw-s dded4000 00:05 9325                       /dev/ati/card0
7f2797d2a000-7f2797f2a000 rw-s ddcd4000 00:05 9325                       /dev/ati/card0
7f2797f2a000-7f279812a000 rw-s ddad4000 00:05 9325                       /dev/ati/card0
7f279812a000-7f279832a000 rw-s dd8d4000 00:05 9325                       /dev/ati/card0
7f279832a000-7f279842a000 rw-s 0da36000 00:05 9325                       /dev/ati/card0
7f279842a000-7f279862a000 rw-s dd2d4000 00:05 9325                       /dev/ati/card0
7f279862a000-7f279882a000 rw-s d85b8000 00:05 9325                       /dev/ati/card0
7f279882a000-7f2798a2a000 rw-s dd6d4000 00:05 9325                       /dev/ati/card0
7f2798a2a000-7f2798c2a000 rw-s dccd4000 00:05 9325                       /dev/ati/card0
7f2798c2a000-7f2798e2a000 rw-s dcad4000 00:05 9325                       /dev/ati/card0
7f2798e2a000-7f279902a000 rw-s dc8d4000 00:05 9325                       /dev/ati/card0
7f279902a000-7f279922a000 rw-s dc6d4000 00:05 9325                       /dev/ati/card0
7f279922a000-7f279942a000 rw-s dd4d4000 00:05 9325                       /dev/ati/card0
7f279942a000-7f279962a000 rw-s dc2d4000 00:05 9325                       /dev/ati/card0
7f279962a000-7f279982a000 rw-s da588000 00:05 9325                       /dev/ati/card0
7f279982a000-7f2799a2b000 rw-s d87d3000 00:05 9325                       /dev/ati/card0
7f2799a2b000-7f2799b2b000 rw-s 0d98f000 00:05 9325                       /dev/ati/card0
7f2799b2b000-7f2799b93000 r-xp 00000000 08:05 838300                     /usr/lib/jvm/java-7-oracle/jre/lib/amd64/libt2k.so
7f2799b93000-7f2799d92000 ---p 00068000 08:05 838300                     /usr/lib/jvm/java-7-oracle/jre/lib/amd64/libt2k.so
7f2799d92000-7f2799d99000 rw-p 00067000 08:05 838300                     /usr/lib/jvm/java-7-oracle/jre/lib/amd64/libt2k.so
7f2799d99000-7f2799da9000 rw-p 00000000 00:00 0 
7f2799da9000-7f2799dc2000 r--s 00000000 08:05 1186248                    /usr/share/fonts/type1/gsfonts/n022004l.pfb
7f2799dc2000-7f2799dd3000 r--s 00000000 08:05 1186218                    /usr/share/fonts/type1/gsfonts/n019024l.pfb
7f2799dd3000-7f2799de5000 r--s 00000000 08:05 1186212                    /usr/share/fonts/type1/gsfonts/n019004l.pfb
7f2799de5000-7f2799dfb000 r--s 00000000 08:05 1186254                    /usr/share/fonts/type1/gsfonts/n022024l.pfb
7f2799dfb000-7f2799e01000 r--s 00000000 08:05 665017                     /usr/share/texmf/fonts/type1/public/lm/lmex10.pfb
7f2799e01000-7f2799e17000 r--s 00000000 08:05 1186251                    /usr/share/fonts/type1/gsfonts/n022023l.pfb
7f2799e17000-7f2799e2b000 r--s 00000000 08:05 1186209                    /usr/share/fonts/type1/gsfonts/n019003l.pfb
7f2799e2b000-7f2799e44000 r--s 00000000 08:05 1186236                    /usr/share/fonts/type1/gsfonts/n021004l.pfb
7f2799e44000-7f2799e60000 r--s 00000000 08:05 665036                     /usr/share/texmf/fonts/type1/public/lm/lmri10.pfb
7f2799e60000-7f2799e78000 r--s 00000000 08:05 1186245                    /usr/share/fonts/type1/gsfonts/n022003l.pfb
7f2799e78000-7f2799e96000 r--s 00000000 08:05 665004                     /usr/share/texmf/fonts/type1/public/lm/lmbx10.pfb
7f2799e96000-7f2799eaf000 r--s 00000000 08:05 1186233                    /usr/share/fonts/type1/gsfonts/n021003l.pfb
7f2799eaf000-7f2799eb9000 r--s 00000000 08:05 1186275                    /usr/share/fonts/type1/mathml/Symbol.pfb
7f2799eb9000-7f2799ec9000 r-xp 00000000 08:05 838298                     /usr/lib/jvm/java-7-oracle/jre/lib/amd64/libnio.so
7f2799ec9000-7f279a0c9000 ---p 00010000 08:05 838298                     /usr/lib/jvm/java-7-oracle/jre/lib/amd64/libnio.so
7f279a0c9000-7f279a0ca000 rw-p 00010000 08:05 838298                     /usr/lib/jvm/java-7-oracle/jre/lib/amd64/libnio.so
7f279a0ca000-7f279a0df000 r-xp 00000000 08:05 838319                     /usr/lib/jvm/java-7-oracle/jre/lib/amd64/libnet.so
7f279a0df000-7f279a2df000 ---p 00015000 08:05 838319                     /usr/lib/jvm/java-7-oracle/jre/lib/amd64/libnet.so
7f279a2df000-7f279a2e0000 rw-p 00015000 08:05 838319                     /usr/lib/jvm/java-7-oracle/jre/lib/amd64/libnet.so
7f279a2e0000-7f279a2f5000 r-xp 00000000 08:05 1579990                    /lib/x86_64-linux-gnu/libgcc_s.so.1
7f279a2f5000-7f279a4f4000 ---p 00015000 08:05 1579990                    /lib/x86_64-linux-gnu/libgcc_s.so.1
7f279a4f4000-7f279a4f5000 r--p 00014000 08:05 1579990                    /lib/x86_64-linux-gnu/libgcc_s.so.1
7f279a4f5000-7f279a4f6000 rw-p 00015000 08:05 1579990                    /lib/x86_64-linux-gnu/libgcc_s.so.1
7f279a4f6000-7f279a555000 r-xp 00000000 08:05 838271                     /usr/lib/jvm/java-7-oracle/jre/lib/amd64/libfontmanager.so
7f279a555000-7f279a755000 ---p 0005f000 08:05 838271                     /usr/lib/jvm/java-7-oracle/jre/lib/amd64/libfontmanager.so
7f279a755000-7f279a759000 rw-p 0005f000 08:05 838271                     /usr/lib/jvm/java-7-oracle/jre/lib/amd64/libfontmanager.so
7f279a759000-7f279a76a000 rw-p 00000000 00:00 0 
7f279a76a000-7f279a76d000 ---p 00000000 00:00 0 
7f279a76d000-7f279a86b000 rw-p 00000000 00:00 0 
7f279a86b000-7f279a86c000 ---p 00000000 00:00 0 
7f279a86c000-7f279b06c000 rw-p 00000000 00:00 0 
7f279b06c000-7f279f06d000 rw-s 00000000 00:12 24019                      /run/shm/pulse-shm-125343623
7f279f06d000-7f279f070000 ---p 00000000 00:00 0 
7f279f070000-7f279f16e000 rw-p 00000000 00:00 0 
7f279f16e000-7f279f16f000 ---p 00000000 00:00 0 
7f279f16f000-7f279f96f000 rw-p 00000000 00:00 0 
7f279f96f000-7f27a3970000 rw-s 00000000 00:12 24017                      /run/shm/pulse-shm-293960483
7f27a3970000-7f27a3973000 ---p 00000000 00:00 0 
7f27a3973000-7f27a3a71000 rw-p 00000000 00:00 0 
7f27a3a71000-7f27a3a72000 ---p 00000000 00:00 0 
7f27a3a72000-7f27a4272000 rw-p 00000000 00:00 0 
7f27a4272000-7f27a8273000 rw-s 00000000 00:12 21429                      /run/shm/pulse-shm-602373998
7f27a8273000-7f27a8276000 ---p 00000000 00:00 0 
7f27a8276000-7f27a8374000 rw-p 00000000 00:00 0 
7f27a8374000-7f27a8375000 ---p 00000000 00:00 0 
7f27a8375000-7f27a8b75000 rw-p 00000000 00:00 0 
7f27a8b75000-7f27acb76000 rw-s 00000000 00:12 21424                      /run/shm/pulse-shm-239833152
7f27acb76000-7f27acb77000 ---p 00000000 00:00 0 
7f27acb77000-7f27ad377000 rw-p 00000000 00:00 0 
7f27ad377000-7f27b1378000 rw-s 00000000 00:12 23204                      /run/shm/pulse-shm-497466676
7f27b1378000-7f27b137d000 r-xp 00000000 08:05 789582                     /usr/lib/x86_64-linux-gnu/alsa-lib/libasound_module_pcm_pulse.so
7f27b137d000-7f27b157d000 ---p 00005000 08:05 789582                     /usr/lib/x86_64-linux-gnu/alsa-lib/libasound_module_pcm_pulse.so
7f27b157d000-7f27b157e000 r--p 00005000 08:05 789582                     /usr/lib/x86_64-linux-gnu/alsa-lib/libasound_module_pcm_pulse.so
7f27b157e000-7f27b157f000 rw-p 00006000 08:05 789582                     /usr/lib/x86_64-linux-gnu/alsa-lib/libasound_module_pcm_pulse.so
7f27b157f000-7f27b1596000 r-xp 00000000 08:05 1614601                    /lib/x86_64-linux-gnu/libresolv-2.13.so
7f27b1596000-7f27b1796000 ---p 00017000 08:05 1614601                    /lib/x86_64-linux-gnu/libresolv-2.13.so
7f27b1796000-7f27b1797000 r--p 00017000 08:05 1614601                    /lib/x86_64-linux-gnu/libresolv-2.13.so
7f27b1797000-7f27b1798000 rw-p 00018000 08:05 1614601                    /lib/x86_64-linux-gnu/libresolv-2.13.so
7f27b1798000-7f27b179a000 rw-p 00000000 00:00 0 
7f27b179a000-7f27b17a0000 r-xp 00000000 08:05 534952                     /usr/lib/x86_64-linux-gnu/libogg.so.0.7.1
7f27b17a0000-7f27b199f000 ---p 00006000 08:05 534952                     /usr/lib/x86_64-linux-gnu/libogg.so.0.7.1
7f27b199f000-7f27b19a0000 r--p 00005000 08:05 534952                     /usr/lib/x86_64-linux-gnu/libogg.so.0.7.1
7f27b19a0000-7f27b19a1000 rw-p 00006000 08:05 534952                     /usr/lib/x86_64-linux-gnu/libogg.so.0.7.1
7f27b19a1000-7f27b19cc000 r-xp 00000000 08:05 527211                     /usr/lib/x86_64-linux-gnu/libvorbis.so.0.4.5
7f27b19cc000-7f27b1bcb000 ---p 0002b000 08:05 527211                     /usr/lib/x86_64-linux-gnu/libvorbis.so.0.4.5
7f27b1bcb000-7f27b1bcc000 r--p 0002a000 08:05 527211                     /usr/lib/x86_64-linux-gnu/libvorbis.so.0.4.5
7f27b1bcc000-7f27b1bcd000 rw-p 0002b000 08:05 527211                     /usr/lib/x86_64-linux-gnu/libvorbis.so.0.4.5
7f27b1bcd000-7f27b1e80000 r-xp 00000000 08:05 527209                     /usr/lib/x86_64-linux-gnu/libvorbisenc.so.2.0.8
7f27b1e80000-7f27b207f000 ---p 002b3000 08:05 527209                     /usr/lib/x86_64-linux-gnu/libvorbisenc.so.2.0.8
7f27b207f000-7f27b209b000 r--p 002b2000 08:05 527209                     /usr/lib/x86_64-linux-gnu/libvorbisenc.so.2.0.8
7f27b209b000-7f27b209c000 rw-p 002ce000 08:05 527209                     /usr/lib/x86_64-linux-gnu/libvorbisenc.so.2.0.8
7f27b209c000-7f27b20e4000 r-xp 00000000 08:05 534703                     /usr/lib/x86_64-linux-gnu/libFLAC.so.8.2.0
7f27b20e4000-7f27b22e4000 ---p 00048000 08:05 534703                     /usr/lib/x86_64-linux-gnu/libFLAC.so.8.2.0
7f27b22e4000-7f27b22e5000 r--p 00048000 08:05 534703                     /usr/lib/x86_64-linux-gnu/libFLAC.so.8.2.0
7f27b22e5000-7f27b22e6000 rw-p 00049000 08:05 534703                     /usr/lib/x86_64-linux-gnu/libFLAC.so.8.2.0
7f27b22e6000-7f27b22eb000 r-xp 00000000 08:05 534786                     /usr/lib/x86_64-linux-gnu/libasyncns.so.0.3.1
7f27b22eb000-7f27b24ea000 ---p 00005000 08:05 534786                     /usr/lib/x86_64-linux-gnu/libasyncns.so.0.3.1
7f27b24ea000-7f27b24eb000 r--p 00004000 08:05 534786                     /usr/lib/x86_64-linux-gnu/libasyncns.so.0.3.1
7f27b24eb000-7f27b24ec000 rw-p 00005000 08:05 534786                     /usr/lib/x86_64-linux-gnu/libasyncns.so.0.3.1
7f27b24ec000-7f27b254c000 r-xp 00000000 08:05 535004                     /usr/lib/x86_64-linux-gnu/libsndfile.so.1.0.24
7f27b254c000-7f27b274c000 ---p 00060000 08:05 535004                     /usr/lib/x86_64-linux-gnu/libsndfile.so.1.0.24
7f27b274c000-7f27b274e000 r--p 00060000 08:05 535004                     /usr/lib/x86_64-linux-gnu/libsndfile.so.1.0.24
7f27b274e000-7f27b274f000 rw-p 00062000 08:05 535004                     /usr/lib/x86_64-linux-gnu/libsndfile.so.1.0.24
7f27b274f000-7f27b2753000 rw-p 00000000 00:00 0 
7f27b2753000-7f27b275b000 r-xp 00000000 08:05 1580050                    /lib/x86_64-linux-gnu/libwrap.so.0.7.6
7f27b275b000-7f27b295a000 ---p 00008000 08:05 1580050                    /lib/x86_64-linux-gnu/libwrap.so.0.7.6
7f27b295a000-7f27b295b000 r--p 00007000 08:05 1580050                    /lib/x86_64-linux-gnu/libwrap.so.0.7.6
7f27b295b000-7f27b295c000 rw-p 00008000 08:05 1580050                    /lib/x86_64-linux-gnu/libwrap.so.0.7.6
7f27b295c000-7f27b299e000 r-xp 00000000 08:05 1580334                    /lib/x86_64-linux-gnu/libdbus-1.so.3.5.7
7f27b299e000-7f27b2b9e000 ---p 00042000 08:05 1580334                    /lib/x86_64-linux-gnu/libdbus-1.so.3.5.7
7f27b2b9e000-7f27b2b9f000 r--p 00042000 08:05 1580334                    /lib/x86_64-linux-gnu/libdbus-1.so.3.5.7
7f27b2b9f000-7f27b2ba0000 rw-p 00043000 08:05 1580334                    /lib/x86_64-linux-gnu/libdbus-1.so.3.5.7
7f27b2ba0000-7f27b2bfc000 r-xp 00000000 08:05 527159                     /usr/lib/x86_64-linux-gnu/libpulsecommon-1.0.so
7f27b2bfc000-7f27b2dfc000 ---p 0005c000 08:05 527159                     /usr/lib/x86_64-linux-gnu/libpulsecommon-1.0.so
7f27b2dfc000-7f27b2dfd000 r--p 0005c000 08:05 527159                     /usr/lib/x86_64-linux-gnu/libpulsecommon-1.0.so
7f27b2dfd000-7f27b2dfe000 rw-p 0005d000 08:05 527159                     /usr/lib/x86_64-linux-gnu/libpulsecommon-1.0.so
7f27b2dfe000-7f27b2e05000 r-xp 00000000 08:05 534909                     /usr/lib/x86_64-linux-gnu/libjson.so.0.0.1
7f27b2e05000-7f27b3004000 ---p 00007000 08:05 534909                     /usr/lib/x86_64-linux-gnu/libjson.so.0.0.1
7f27b3004000-7f27b3005000 r--p 00006000 08:05 534909                     /usr/lib/x86_64-linux-gnu/libjson.so.0.0.1
7f27b3005000-7f27b3006000 rw-p 00007000 08:05 534909                     /usr/lib/x86_64-linux-gnu/libjson.so.0.0.1
7f27b3006000-7f27b304c000 r-xp 00000000 08:05 527157                     /usr/lib/x86_64-linux-gnu/libpulse.so.0.13.4
7f27b304c000-7f27b324b000 ---p 00046000 08:05 527157                     /usr/lib/x86_64-linux-gnu/libpulse.so.0.13.4
7f27b324b000-7f27b324c000 r--p 00045000 08:05 527157                     /usr/lib/x86_64-linux-gnu/libpulse.so.0.13.4
7f27b324c000-7f27b324d000 rw-p 00046000 08:05 527157                     /usr/lib/x86_64-linux-gnu/libpulse.so.0.13.4
7f27b324d000-7f27b3250000 ---p 00000000 00:00 0 
7f27b3250000-7f27b334e000 rw-p 00000000 00:00 0 
7f27b334e000-7f27b3351000 ---p 00000000 00:00 0 
7f27b3351000-7f27b344f000 rw-p 00000000 00:00 0 
7f27b344f000-7f27b3534000 r-xp 00000000 08:05 534784                     /usr/lib/x86_64-linux-gnu/libasound.so.2.0.0
7f27b3534000-7f27b3733000 ---p 000e5000 08:05 534784                     /usr/lib/x86_64-linux-gnu/libasound.so.2.0.0
7f27b3733000-7f27b3739000 r--p 000e4000 08:05 534784                     /usr/lib/x86_64-linux-gnu/libasound.so.2.0.0
7f27b3739000-7f27b373a000 rw-p 000ea000 08:05 534784                     /usr/lib/x86_64-linux-gnu/libasound.so.2.0.0
7f27b373a000-7f27b3749000 r-xp 00000000 08:05 838321                     /usr/lib/jvm/java-7-oracle/jre/lib/amd64/libjsoundalsa.so
7f27b3749000-7f27b3948000 ---p 0000f000 08:05 838321                     /usr/lib/jvm/java-7-oracle/jre/lib/amd64/libjsoundalsa.so
7f27b3948000-7f27b3949000 rw-p 0000e000 08:05 838321                     /usr/lib/jvm/java-7-oracle/jre/lib/amd64/libjsoundalsa.so
7f27b3949000-7f27b394a000 r-xp 00000000 08:05 838299                     /usr/lib/jvm/java-7-oracle/jre/lib/amd64/libjsound.so
7f27b394a000-7f27b3b49000 ---p 00001000 08:05 838299                     /usr/lib/jvm/java-7-oracle/jre/lib/amd64/libjsound.so
7f27b3b49000-7f27b3b4a000 rw-p 00000000 08:05 838299                     /usr/lib/jvm/java-7-oracle/jre/lib/amd64/libjsound.so
7f27b3b4a000-7f27b3b4d000 ---p 00000000 00:00 0 
7f27b3b4d000-7f27b3c4b000 rw-p 00000000 00:00 0 
7f27b3c4b000-7f27b3c4e000 ---p 00000000 00:00 0 
7f27b3c4e000-7f27b3d4c000 rw-p 00000000 00:00 0 
7f27b3d4c000-7f27b3d4f000 ---p 00000000 00:00 0 
7f27b3d4f000-7f27b3e4d000 rw-p 00000000 00:00 0 
7f27b3e4d000-7f27b3e52000 r-xp 00000000 08:05 534764                     /usr/lib/x86_64-linux-gnu/libXfixes.so.3.1.0
7f27b3e52000-7f27b4051000 ---p 00005000 08:05 534764                     /usr/lib/x86_64-linux-gnu/libXfixes.so.3.1.0
7f27b4051000-7f27b4052000 r--p 00004000 08:05 534764                     /usr/lib/x86_64-linux-gnu/libXfixes.so.3.1.0
7f27b4052000-7f27b4053000 rw-p 00005000 08:05 534764                     /usr/lib/x86_64-linux-gnu/libXfixes.so.3.1.0
7f27b4053000-7f27b405c000 r-xp 00000000 08:05 534756                     /usr/lib/x86_64-linux-gnu/libXcursor.so.1.0.2
7f27b405c000-7f27b425b000 ---p 00009000 08:05 534756                     /usr/lib/x86_64-linux-gnu/libXcursor.so.1.0.2
7f27b425b000-7f27b425c000 r--p 00008000 08:05 534756                     /usr/lib/x86_64-linux-gnu/libXcursor.so.1.0.2
7f27b425c000-7f27b425d000 rw-p 00009000 08:05 534756                     /usr/lib/x86_64-linux-gnu/libXcursor.so.1.0.2
7f27b425d000-7f27b4260000 ---p 00000000 00:00 0 
7f27b4260000-7f27b4c3c000 rw-p 00000000 00:00 0 
7f27b4c3c000-7f27b4c3f000 ---p 00000000 00:00 0 
7f27b4c3f000-7f27b4da1000 rw-p 00000000 00:00 0 
7f27b4da1000-7f27b54a1000 rw-s 00006000 00:05 9325                       /dev/ati/card0
7f27b54a1000-7f27b54a3000 r-xp 00000000 08:05 534770                     /usr/lib/x86_64-linux-gnu/libXinerama.so.1.0.0
7f27b54a3000-7f27b56a2000 ---p 00002000 08:05 534770                     /usr/lib/x86_64-linux-gnu/libXinerama.so.1.0.0
7f27b56a2000-7f27b56a3000 r--p 00001000 08:05 534770                     /usr/lib/x86_64-linux-gnu/libXinerama.so.1.0.0
7f27b56a3000-7f27b56a4000 rw-p 00002000 08:05 534770                     /usr/lib/x86_64-linux-gnu/libXinerama.so.1.0.0
7f27b56a4000-7f27b56a7000 ---p 00000000 00:00 0 
7f27b56a7000-7f27b57a5000 rw-p 00000000 00:00 0 
7f27b57a7000-7f27b57e7000 rw-s 00021000 00:05 9325                       /dev/ati/card0
7f27b57e7000-7f27b58ad000 rw-p 00000000 00:00 0 
7f27b58ad000-7f27b58e7000 r-xp 00000000 08:05 588038                     /usr/lib/fglrx/libatiadlxx.so
7f27b58e7000-7f27b59e6000 ---p 0003a000 08:05 588038                     /usr/lib/fglrx/libatiadlxx.so
7f27b59e6000-7f27b59f0000 rw-p 00039000 08:05 588038                     /usr/lib/fglrx/libatiadlxx.so
7f27b59f0000-7f27b5a00000 rw-p 00000000 00:00 0 
7f27b5a00000-7f27b5a07000 r-xp 00000000 08:05 588044                     /usr/lib/fglrx/libatiuki.so.1.0
7f27b5a07000-7f27b5b07000 ---p 00007000 08:05 588044                     /usr/lib/fglrx/libatiuki.so.1.0
7f27b5b07000-7f27b5b08000 rw-p 00007000 08:05 588044                     /usr/lib/fglrx/libatiuki.so.1.0
7f27b5b08000-7f27b5b09000 rw-p 00000000 00:00 0 
7f27b5b09000-7f27b78a1000 r-xp 00000000 08:05 588046                     /usr/lib/fglrx/dri/fglrx_dri.so
7f27b78a1000-7f27b79a0000 ---p 01d98000 08:05 588046                     /usr/lib/fglrx/dri/fglrx_dri.so
7f27b79a0000-7f27b7ad0000 rwxp 01d97000 08:05 588046                     /usr/lib/fglrx/dri/fglrx_dri.so
7f27b7ad0000-7f27b7bf1000 rwxp 00000000 00:00 0 
7f27b7bf1000-7f27b7cb4000 r-xp 00000000 08:05 588037                     /usr/lib/fglrx/libGL.so.1.2
7f27b7cb4000-7f27b7db3000 ---p 000c3000 08:05 588037                     /usr/lib/fglrx/libGL.so.1.2
7f27b7db3000-7f27b7dda000 rwxp 000c2000 08:05 588037                     /usr/lib/fglrx/libGL.so.1.2
7f27b7dda000-7f27b7dfa000 rwxp 00000000 00:00 0 
7f27b7dfa000-7f27b7dff000 r-xp 00000000 08:05 534760                     /usr/lib/x86_64-linux-gnu/libXdmcp.so.6.0.0
7f27b7dff000-7f27b7ffe000 ---p 00005000 08:05 534760                     /usr/lib/x86_64-linux-gnu/libXdmcp.so.6.0.0
7f27b7ffe000-7f27b7fff000 r--p 00004000 08:05 534760                     /usr/lib/x86_64-linux-gnu/libXdmcp.so.6.0.0
7f27b7fff000-7f27b8000000 rw-p 00005000 08:05 534760                     /usr/lib/x86_64-linux-gnu/libXdmcp.so.6.0.0
7f27b8000000-7f27b8704000 rw-p 00000000 00:00 0 
7f27b8704000-7f27bc000000 ---p 00000000 00:00 0 
7f27bc001000-7f27bc018000 r--s 00000000 08:05 1186239                    /usr/share/fonts/type1/gsfonts/n021023l.pfb
7f27bc018000-7f27bc02e000 r--s 00000000 08:05 1186242                    /usr/share/fonts/type1/gsfonts/n021024l.pfb
7f27bc02e000-7f27bc0ae000 rw-p 00000000 00:00 0 
7f27bc0ae000-7f27bc0ce000 rw-s feae0000 00:05 9325                       /dev/ati/card0
7f27bc0ce000-7f27bc0d0000 r-xp 00000000 08:05 534752                     /usr/lib/x86_64-linux-gnu/libXau.so.6.0.0
7f27bc0d0000-7f27bc2cf000 ---p 00002000 08:05 534752                     /usr/lib/x86_64-linux-gnu/libXau.so.6.0.0
7f27bc2cf000-7f27bc2d0000 r--p 00001000 08:05 534752                     /usr/lib/x86_64-linux-gnu/libXau.so.6.0.0
7f27bc2d0000-7f27bc2d1000 rw-p 00002000 08:05 534752                     /usr/lib/x86_64-linux-gnu/libXau.so.6.0.0
7f27bc2d1000-7f27bc2ec000 r-xp 00000000 08:05 535048                     /usr/lib/x86_64-linux-gnu/libxcb.so.1.1.0
7f27bc2ec000-7f27bc4eb000 ---p 0001b000 08:05 535048                     /usr/lib/x86_64-linux-gnu/libxcb.so.1.1.0
7f27bc4eb000-7f27bc4ec000 r--p 0001a000 08:05 535048                     /usr/lib/x86_64-linux-gnu/libxcb.so.1.1.0
7f27bc4ec000-7f27bc4ed000 rw-p 0001b000 08:05 535048                     /usr/lib/x86_64-linux-gnu/libxcb.so.1.1.0
7f27bc4ed000-7f27bc4fc000 r-xp 00000000 08:05 572179                     /usr/lib/x86_64-linux-gnu/libXi.so.6.1.0
7f27bc4fc000-7f27bc6fb000 ---p 0000f000 08:05 572179                     /usr/lib/x86_64-linux-gnu/libXi.so.6.1.0
7f27bc6fb000-7f27bc6fc000 r--p 0000e000 08:05 572179                     /usr/lib/x86_64-linux-gnu/libXi.so.6.1.0
7f27bc6fc000-7f27bc6fd000 rw-p 0000f000 08:05 572179                     /usr/lib/x86_64-linux-gnu/libXi.so.6.1.0
7f27bc6fd000-7f27bc702000 r-xp 00000000 08:05 528297                     /usr/lib/libXtst.so.6.1.0
7f27bc702000-7f27bc901000 ---p 00005000 08:05 528297                     /usr/lib/libXtst.so.6.1.0
7f27bc901000-7f27bc902000 r--p 00004000 08:05 528297                     /usr/lib/libXtst.so.6.1.0
7f27bc902000-7f27bc903000 rw-p 00005000 08:05 528297                     /usr/lib/libXtst.so.6.1.0
7f27bc903000-7f27bc90c000 r-xp 00000000 08:05 534774                     /usr/lib/x86_64-linux-gnu/libXrender.so.1.3.0
7f27bc90c000-7f27bcb0c000 ---p 00009000 08:05 534774                     /usr/lib/x86_64-linux-gnu/libXrender.so.1.3.0
7f27bcb0c000-7f27bcb0d000 r--p 00009000 08:05 534774                     /usr/lib/x86_64-linux-gnu/libXrender.so.1.3.0
7f27bcb0d000-7f27bcb0e000 rw-p 0000a000 08:05 534774                     /usr/lib/x86_64-linux-gnu/libXrender.so.1.3.0
7f27bcb0e000-7f27bcc41000 r-xp 00000000 08:05 534750                     /usr/lib/x86_64-linux-gnu/libX11.so.6.3.0
7f27bcc41000-7f27bce41000 ---p 00133000 08:05 534750                     /usr/lib/x86_64-linux-gnu/libX11.so.6.3.0
7f27bce41000-7f27bce42000 r--p 00133000 08:05 534750                     /usr/lib/x86_64-linux-gnu/libX11.so.6.3.0
7f27bce42000-7f27bce46000 rw-p 00134000 08:05 534750                     /usr/lib/x86_64-linux-gnu/libX11.so.6.3.0
7f27bce46000-7f27bce58000 r-xp 00000000 08:05 534762                     /usr/lib/x86_64-linux-gnu/libXext.so.6.4.0
7f27bce58000-7f27bd057000 ---p 00012000 08:05 534762                     /usr/lib/x86_64-linux-gnu/libXext.so.6.4.0
7f27bd057000-7f27bd058000 r--p 00011000 08:05 534762                     /usr/lib/x86_64-linux-gnu/libXext.so.6.4.0
7f27bd058000-7f27bd059000 rw-p 00012000 08:05 534762                     /usr/lib/x86_64-linux-gnu/libXext.so.6.4.0
7f27bd059000-7f27bd07c000 r--p 00000000 08:05 934097                     /usr/share/locale-langpack/de/LC_MESSAGES/libc.mo
7f27bd07c000-7f27bd0cc000 r-xp 00000000 08:05 838285                     /usr/lib/jvm/java-7-oracle/jre/lib/amd64/xawt/libmawt.so
7f27bd0cc000-7f27bd2cc000 ---p 00050000 08:05 838285                     /usr/lib/jvm/java-7-oracle/jre/lib/amd64/xawt/libmawt.so
7f27bd2cc000-7f27bd2d0000 rw-p 00050000 08:05 838285                     /usr/lib/jvm/java-7-oracle/jre/lib/amd64/xawt/libmawt.so
7f27bd2d0000-7f27bd2d1000 rw-p 00000000 00:00 0 
7f27bd2d1000-7f27bd373000 r-xp 00000000 08:05 838294                     /usr/lib/jvm/java-7-oracle/jre/lib/amd64/libawt.so
7f27bd373000-7f27bd573000 ---p 000a2000 08:05 838294                     /usr/lib/jvm/java-7-oracle/jre/lib/amd64/libawt.so
7f27bd573000-7f27bd57f000 rw-p 000a2000 08:05 838294                     /usr/lib/jvm/java-7-oracle/jre/lib/amd64/libawt.so
7f27bd57f000-7f27bd5a3000 rw-p 00000000 00:00 0 
7f27bd5a3000-7f27bd5a4000 ---p 00000000 00:00 0 
7f27bd5a4000-7f27bd6a4000 rw-p 00000000 00:00 0 
7f27bd6a4000-7f27bd6a7000 ---p 00000000 00:00 0 
7f27bd6a7000-7f27bd7a5000 rw-p 00000000 00:00 0 
7f27bd7a5000-7f27bd7a8000 ---p 00000000 00:00 0 
7f27bd7a8000-7f27bd8a6000 rw-p 00000000 00:00 0 
7f27bd8a6000-7f27bd8a9000 ---p 00000000 00:00 0 
7f27bd8a9000-7f27bd9a7000 rw-p 00000000 00:00 0 
7f27bd9a7000-7f27be1ff000 r--p 00000000 08:05 532922                     /usr/lib/locale/locale-archive
7f27be1ff000-7f27be202000 ---p 00000000 00:00 0 
7f27be202000-7f27be300000 rw-p 00000000 00:00 0 
7f27be300000-7f27be303000 ---p 00000000 00:00 0 
7f27be303000-7f27be401000 rw-p 00000000 00:00 0 
7f27be401000-7f27be402000 ---p 00000000 00:00 0 
7f27be402000-7f27bf526000 rw-p 00000000 00:00 0 
7f27bf526000-7f27bf6e3000 r--s 039de000 08:05 838247                     /usr/lib/jvm/java-7-oracle/jre/lib/rt.jar
7f27bf6e3000-7f27c4873000 rw-p 00000000 00:00 0 
7f27c4873000-7f27c4874000 ---p 00000000 00:00 0 
7f27c4874000-7f27c4974000 rw-p 00000000 00:00 0 
7f27c4974000-7f27c4975000 ---p 00000000 00:00 0 
7f27c4975000-7f27c4a75000 rw-p 00000000 00:00 0 
7f27c4a75000-7f27c4a76000 ---p 00000000 00:00 0 
7f27c4a76000-7f27c4b76000 rw-p 00000000 00:00 0 
7f27c4b76000-7f27c4b77000 ---p 00000000 00:00 0 
7f27c4b77000-7f27c4c82000 rw-p 00000000 00:00 0 
7f27c4c82000-7f27c4ca0000 rw-p 00000000 00:00 0 
7f27c4ca0000-7f27c4cca000 rw-p 00000000 00:00 0 
7f27c4cca000-7f27c4f3c000 rw-p 00000000 00:00 0 
7f27c4f3c000-7f27c4f47000 rw-p 00000000 00:00 0 
7f27c4f47000-7f27c4f65000 rw-p 00000000 00:00 0 
7f27c4f65000-7f27c4f8f000 rw-p 00000000 00:00 0 
7f27c4f8f000-7f27c5200000 rw-p 00000000 00:00 0 
7f27c5200000-7f27c5216000 rw-p 00000000 00:00 0 
7f27c5216000-7f27c534e000 rw-p 00000000 00:00 0 
7f27c534e000-7f27c534f000 rw-p 00000000 00:00 0 
7f27c534f000-7f27c55bf000 rwxp 00000000 00:00 0 
7f27c55bf000-7f27c834f000 rw-p 00000000 00:00 0 
7f27c834f000-7f27c8369000 r-xp 00000000 08:05 838306                     /usr/lib/jvm/java-7-oracle/jre/lib/amd64/libzip.so
7f27c8369000-7f27c8569000 ---p 0001a000 08:05 838306                     /usr/lib/jvm/java-7-oracle/jre/lib/amd64/libzip.so
7f27c8569000-7f27c856a000 rw-p 0001a000 08:05 838306                     /usr/lib/jvm/java-7-oracle/jre/lib/amd64/libzip.so
7f27c856a000-7f27c8576000 r-xp 00000000 08:05 1614613                    /lib/x86_64-linux-gnu/libnss_files-2.13.so
7f27c8576000-7f27c8775000 ---p 0000c000 08:05 1614613                    /lib/x86_64-linux-gnu/libnss_files-2.13.so
7f27c8775000-7f27c8776000 r--p 0000b000 08:05 1614613                    /lib/x86_64-linux-gnu/libnss_files-2.13.so
7f27c8776000-7f27c8777000 rw-p 0000c000 08:05 1614613                    /lib/x86_64-linux-gnu/libnss_files-2.13.so
7f27c8777000-7f27c8781000 r-xp 00000000 08:05 1614615                    /lib/x86_64-linux-gnu/libnss_nis-2.13.so
7f27c8781000-7f27c8981000 ---p 0000a000 08:05 1614615                    /lib/x86_64-linux-gnu/libnss_nis-2.13.so
7f27c8981000-7f27c8982000 r--p 0000a000 08:05 1614615                    /lib/x86_64-linux-gnu/libnss_nis-2.13.so
7f27c8982000-7f27c8983000 rw-p 0000b000 08:05 1614615                    /lib/x86_64-linux-gnu/libnss_nis-2.13.so
7f27c8983000-7f27c899a000 r-xp 00000000 08:05 1614600                    /lib/x86_64-linux-gnu/libnsl-2.13.so
7f27c899a000-7f27c8b99000 ---p 00017000 08:05 1614600                    /lib/x86_64-linux-gnu/libnsl-2.13.so
7f27c8b99000-7f27c8b9a000 r--p 00016000 08:05 1614600                    /lib/x86_64-linux-gnu/libnsl-2.13.so
7f27c8b9a000-7f27c8b9b000 rw-p 00017000 08:05 1614600                    /lib/x86_64-linux-gnu/libnsl-2.13.so
7f27c8b9b000-7f27c8b9d000 rw-p 00000000 00:00 0 
7f27c8b9d000-7f27c8ba5000 r-xp 00000000 08:05 1614602                    /lib/x86_64-linux-gnu/libnss_compat-2.13.so
7f27c8ba5000-7f27c8da4000 ---p 00008000 08:05 1614602                    /lib/x86_64-linux-gnu/libnss_compat-2.13.so
7f27c8da4000-7f27c8da5000 r--p 00007000 08:05 1614602                    /lib/x86_64-linux-gnu/libnss_compat-2.13.so
7f27c8da5000-7f27c8da6000 rw-p 00008000 08:05 1614602                    /lib/x86_64-linux-gnu/libnss_compat-2.13.so
7f27c8da6000-7f27c8dcf000 r-xp 00000000 08:05 838274                     /usr/lib/jvm/java-7-oracle/jre/lib/amd64/libjava.so
7f27c8dcf000-7f27c8fcf000 ---p 00029000 08:05 838274                     /usr/lib/jvm/java-7-oracle/jre/lib/amd64/libjava.so
7f27c8fcf000-7f27c8fd1000 rw-p 00029000 08:05 838274                     /usr/lib/jvm/java-7-oracle/jre/lib/amd64/libjava.so
7f27c8fd1000-7f27c8fde000 r-xp 00000000 08:05 838305                     /usr/lib/jvm/java-7-oracle/jre/lib/amd64/libverify.so
7f27c8fde000-7f27c91dd000 ---p 0000d000 08:05 838305                     /usr/lib/jvm/java-7-oracle/jre/lib/amd64/libverify.so
7f27c91dd000-7f27c91df000 rw-p 0000c000 08:05 838305                     /usr/lib/jvm/java-7-oracle/jre/lib/amd64/libverify.so
7f27c91df000-7f27c91e6000 r-xp 00000000 08:05 1614597                    /lib/x86_64-linux-gnu/librt-2.13.so
7f27c91e6000-7f27c93e5000 ---p 00007000 08:05 1614597                    /lib/x86_64-linux-gnu/librt-2.13.so
7f27c93e5000-7f27c93e6000 r--p 00006000 08:05 1614597                    /lib/x86_64-linux-gnu/librt-2.13.so
7f27c93e6000-7f27c93e7000 rw-p 00007000 08:05 1614597                    /lib/x86_64-linux-gnu/librt-2.13.so
7f27c93e7000-7f27c946a000 r-xp 00000000 08:05 1614610                    /lib/x86_64-linux-gnu/libm-2.13.so
7f27c946a000-7f27c9669000 ---p 00083000 08:05 1614610                    /lib/x86_64-linux-gnu/libm-2.13.so
7f27c9669000-7f27c966a000 r--p 00082000 08:05 1614610                    /lib/x86_64-linux-gnu/libm-2.13.so
7f27c966a000-7f27c966b000 rw-p 00083000 08:05 1614610                    /lib/x86_64-linux-gnu/libm-2.13.so
7f27c966b000-7f27ca0b5000 r-xp 00000000 08:05 838281                     /usr/lib/jvm/java-7-oracle/jre/lib/amd64/server/libjvm.so
7f27ca0b5000-7f27ca2b4000 ---p 00a4a000 08:05 838281                     /usr/lib/jvm/java-7-oracle/jre/lib/amd64/server/libjvm.so
7f27ca2b4000-7f27ca358000 rw-p 00a49000 08:05 838281                     /usr/lib/jvm/java-7-oracle/jre/lib/amd64/server/libjvm.so
7f27ca358000-7f27ca393000 rw-p 00000000 00:00 0 
7f27ca393000-7f27ca52c000 r-xp 00000000 08:05 1614616                    /lib/x86_64-linux-gnu/libc-2.13.so
7f27ca52c000-7f27ca72b000 ---p 00199000 08:05 1614616                    /lib/x86_64-linux-gnu/libc-2.13.so
7f27ca72b000-7f27ca72f000 r--p 00198000 08:05 1614616                    /lib/x86_64-linux-gnu/libc-2.13.so
7f27ca72f000-7f27ca730000 rw-p 0019c000 08:05 1614616                    /lib/x86_64-linux-gnu/libc-2.13.so
7f27ca730000-7f27ca736000 rw-p 00000000 00:00 0 
7f27ca736000-7f27ca738000 r-xp 00000000 08:05 1614609                    /lib/x86_64-linux-gnu/libdl-2.13.so
7f27ca738000-7f27ca938000 ---p 00002000 08:05 1614609                    /lib/x86_64-linux-gnu/libdl-2.13.so
7f27ca938000-7f27ca939000 r--p 00002000 08:05 1614609                    /lib/x86_64-linux-gnu/libdl-2.13.so
7f27ca939000-7f27ca93a000 rw-p 00003000 08:05 1614609                    /lib/x86_64-linux-gnu/libdl-2.13.so
7f27ca93a000-7f27ca950000 r-xp 00000000 08:05 838288                     /usr/lib/jvm/java-7-oracle/jre/lib/amd64/jli/libjli.so
7f27ca950000-7f27cab50000 ---p 00016000 08:05 838288                     /usr/lib/jvm/java-7-oracle/jre/lib/amd64/jli/libjli.so
7f27cab50000-7f27cab51000 rw-p 00016000 08:05 838288                     /usr/lib/jvm/java-7-oracle/jre/lib/amd64/jli/libjli.so
7f27cab51000-7f27cab69000 r-xp 00000000 08:05 1614607                    /lib/x86_64-linux-gnu/libpthread-2.13.so
7f27cab69000-7f27cad68000 ---p 00018000 08:05 1614607                    /lib/x86_64-linux-gnu/libpthread-2.13.so
7f27cad68000-7f27cad69000 r--p 00017000 08:05 1614607                    /lib/x86_64-linux-gnu/libpthread-2.13.so
7f27cad69000-7f27cad6a000 rw-p 00018000 08:05 1614607                    /lib/x86_64-linux-gnu/libpthread-2.13.so
7f27cad6a000-7f27cad6e000 rw-p 00000000 00:00 0 
7f27cad6e000-7f27cad8f000 r-xp 00000000 08:05 1614614                    /lib/x86_64-linux-gnu/ld-2.13.so
7f27cad97000-7f27cada4000 r--p 00000000 08:05 934061                     /usr/share/locale-langpack/de/LC_MESSAGES/pulseaudio.mo
7f27cada4000-7f27cadae000 rw-p 00000000 00:00 0 
7f27cadae000-7f27cae64000 rw-p 00000000 00:00 0 
7f27cae64000-7f27cae67000 ---p 00000000 00:00 0 
7f27cae67000-7f27caf69000 rw-p 00000000 00:00 0 
7f27caf6e000-7f27caf78000 r--s 00254000 08:05 838203                     /usr/lib/jvm/java-7-oracle/jre/lib/resources.jar
7f27caf78000-7f27caf79000 rw-s 00005000 00:05 9325                       /dev/ati/card0
7f27caf79000-7f27caf7b000 rw-s 00002000 00:05 9325                       /dev/ati/card0
7f27caf7b000-7f27caf82000 r--s 00000000 08:05 831962                     /usr/lib/x86_64-linux-gnu/gconv/gconv-modules.cache
7f27caf82000-7f27caf8a000 rw-s 00000000 08:05 1740326                    /tmp/hsperfdata_viper100/4149 (deleted)
7f27caf8a000-7f27caf8b000 rw-p 00000000 00:00 0 
7f27caf8b000-7f27caf8c000 ---p 00000000 00:00 0 
7f27caf8c000-7f27caf8e000 rw-p 00000000 00:00 0 
7f27caf8e000-7f27caf8f000 r--p 00020000 08:05 1614614                    /lib/x86_64-linux-gnu/ld-2.13.so
7f27caf8f000-7f27caf91000 rw-p 00021000 08:05 1614614                    /lib/x86_64-linux-gnu/ld-2.13.so
7fff28b56000-7fff28b77000 rw-p 00000000 00:00 0                          [stack]
7fff28bff000-7fff28c00000 r-xp 00000000 00:00 0                          [vdso]
ffffffffff600000-ffffffffff601000 r-xp 00000000 00:00 0                  [vsyscall]

VM Arguments:
jvm_args: -Dsun.java2d.opengl=true -Dfile.encoding=UTF-8 
java_command: Main
Launcher Type: SUN_STANDARD

Environment Variables:
PATH=/home/viper100/bin:/usr/lib/lightdm/lightdm:/usr/local/sbin:/usr/local/bin:/usr/sbin:/usr/bin:/sbin:/bin:/usr/games
USERNAME=viper100
SHELL=/bin/bash
DISPLAY=:0.0

Signal Handlers:
SIGSEGV: [libjvm.so+0x8a80e0], sa_mask[0]=0x7ffbfeff, sa_flags=0x10000004
SIGBUS: [libjvm.so+0x8a80e0], sa_mask[0]=0x7ffbfeff, sa_flags=0x10000004
SIGFPE: [libjvm.so+0x744170], sa_mask[0]=0x7ffbfeff, sa_flags=0x10000004
SIGPIPE: [libjvm.so+0x744170], sa_mask[0]=0x7ffbfeff, sa_flags=0x10000004
SIGXFSZ: [libjvm.so+0x744170], sa_mask[0]=0x7ffbfeff, sa_flags=0x10000004
SIGILL: [libjvm.so+0x744170], sa_mask[0]=0x7ffbfeff, sa_flags=0x10000004
SIGUSR1: SIG_DFL, sa_mask[0]=0x00000000, sa_flags=0x00000000
SIGUSR2: [libjvm.so+0x743ac0], sa_mask[0]=0x00000004, sa_flags=0x10000004
SIGHUP: [libjvm.so+0x745e50], sa_mask[0]=0x7ffbfeff, sa_flags=0x10000004
SIGINT: [libjvm.so+0x745e50], sa_mask[0]=0x7ffbfeff, sa_flags=0x10000004
SIGTERM: [libjvm.so+0x745e50], sa_mask[0]=0x7ffbfeff, sa_flags=0x10000004
SIGQUIT: [libjvm.so+0x745e50], sa_mask[0]=0x7ffbfeff, sa_flags=0x10000004


---------------  S Y S T E M  ---------------

OS:wheezy/sid

uname:Linux 3.0.0-32-generic #51-Ubuntu SMP Thu Mar 21 15:50:59 UTC 2013 x86_64
libc:glibc 2.13 NPTL 2.13 
rlimit: STACK 8192k, CORE 0k, NPROC 63357, NOFILE 4096, AS infinity
load average:1,03 0,81 0,71

/proc/meminfo:
MemTotal:        8193436 kB
MemFree:         4577932 kB
Buffers:          371956 kB
Cached:          1032580 kB
SwapCached:            0 kB
Active:          2034280 kB
Inactive:         869940 kB
Active(anon):    1500536 kB
Inactive(anon):     1608 kB
Active(file):     533744 kB
Inactive(file):   868332 kB
Unevictable:          16 kB
Mlocked:              16 kB
SwapTotal:       7812092 kB
SwapFree:        7812092 kB
Dirty:                20 kB
Writeback:             0 kB
AnonPages:       1499716 kB
Mapped:           332508 kB
Shmem:              2464 kB
Slab:             228948 kB
SReclaimable:     206604 kB
SUnreclaim:        22344 kB
KernelStack:        3840 kB
PageTables:        28712 kB
NFS_Unstable:          0 kB
Bounce:                0 kB
WritebackTmp:          0 kB
CommitLimit:    11908808 kB
Committed_AS:    4130552 kB
VmallocTotal:   34359738367 kB
VmallocUsed:      337824 kB
VmallocChunk:   34359398372 kB
HardwareCorrupted:     0 kB
AnonHugePages:         0 kB
HugePages_Total:       0
HugePages_Free:        0
HugePages_Rsvd:        0
HugePages_Surp:        0
Hugepagesize:       2048 kB
DirectMap4k:      251456 kB
DirectMap2M:     4990976 kB
DirectMap1G:     3145728 kB


CPU:total 4 (4 cores per cpu, 1 threads per core) family 16 model 4 stepping 3, cmov, cx8, fxsr, mmx, sse, sse2, sse3, popcnt, mmxext, 3dnowpref, lzcnt, sse4a, tsc, tscinvbit, tscinv

/proc/cpuinfo:
processor	: 0
vendor_id	: AuthenticAMD
cpu family	: 16
model		: 4
model name	: AMD Phenom(tm) II X4 945 Processor
stepping	: 3
cpu MHz		: 800.000
cache size	: 512 KB
physical id	: 0
siblings	: 4
core id		: 0
cpu cores	: 4
apicid		: 0
initial apicid	: 0
fpu		: yes
fpu_exception	: yes
cpuid level	: 5
wp		: yes
flags		: fpu vme de pse tsc msr pae mce cx8 apic sep mtrr pge mca cmov pat pse36 clflush mmx fxsr sse sse2 ht syscall nx mmxext fxsr_opt pdpe1gb rdtscp lm 3dnowext 3dnow constant_tsc rep_good nopl nonstop_tsc extd_apicid pni monitor cx16 popcnt lahf_lm cmp_legacy svm extapic cr8_legacy abm sse4a misalignsse 3dnowprefetch osvw ibs skinit wdt npt lbrv svm_lock nrip_save
bogomips	: 6015.10
TLB size	: 1024 4K pages
clflush size	: 64
cache_alignment	: 64
address sizes	: 48 bits physical, 48 bits virtual
power management: ts ttp tm stc 100mhzsteps hwpstate

processor	: 1
vendor_id	: AuthenticAMD
cpu family	: 16
model		: 4
model name	: AMD Phenom(tm) II X4 945 Processor
stepping	: 3
cpu MHz		: 800.000
cache size	: 512 KB
physical id	: 0
siblings	: 4
core id		: 1
cpu cores	: 4
apicid		: 1
initial apicid	: 1
fpu		: yes
fpu_exception	: yes
cpuid level	: 5
wp		: yes
flags		: fpu vme de pse tsc msr pae mce cx8 apic sep mtrr pge mca cmov pat pse36 clflush mmx fxsr sse sse2 ht syscall nx mmxext fxsr_opt pdpe1gb rdtscp lm 3dnowext 3dnow constant_tsc rep_good nopl nonstop_tsc extd_apicid pni monitor cx16 popcnt lahf_lm cmp_legacy svm extapic cr8_legacy abm sse4a misalignsse 3dnowprefetch osvw ibs skinit wdt npt lbrv svm_lock nrip_save
bogomips	: 6015.14
TLB size	: 1024 4K pages
clflush size	: 64
cache_alignment	: 64
address sizes	: 48 bits physical, 48 bits virtual
power management: ts ttp tm stc 100mhzsteps hwpstate

processor	: 2
vendor_id	: AuthenticAMD
cpu family	: 16
model		: 4
model name	: AMD Phenom(tm) II X4 945 Processor
stepping	: 3
cpu MHz		: 800.000
cache size	: 512 KB
physical id	: 0
siblings	: 4
core id		: 2
cpu cores	: 4
apicid		: 2
initial apicid	: 2
fpu		: yes
fpu_exception	: yes
cpuid level	: 5
wp		: yes
flags		: fpu vme de pse tsc msr pae mce cx8 apic sep mtrr pge mca cmov pat pse36 clflush mmx fxsr sse sse2 ht syscall nx mmxext fxsr_opt pdpe1gb rdtscp lm 3dnowext 3dnow constant_tsc rep_good nopl nonstop_tsc extd_apicid pni monitor cx16 popcnt lahf_lm cmp_legacy svm extapic cr8_legacy abm sse4a misalignsse 3dnowprefetch osvw ibs skinit wdt npt lbrv svm_lock nrip_save
bogomips	: 6015.15
TLB size	: 1024 4K pages
clflush size	: 64
cache_alignment	: 64
address sizes	: 48 bits physical, 48 bits virtual
power management: ts ttp tm stc 100mhzsteps hwpstate

processor	: 3
vendor_id	: AuthenticAMD
cpu family	: 16
model		: 4
model name	: AMD Phenom(tm) II X4 945 Processor
stepping	: 3
cpu MHz		: 800.000
cache size	: 512 KB
physical id	: 0
siblings	: 4
core id		: 3
cpu cores	: 4
apicid		: 3
initial apicid	: 3
fpu		: yes
fpu_exception	: yes
cpuid level	: 5
wp		: yes
flags		: fpu vme de pse tsc msr pae mce cx8 apic sep mtrr pge mca cmov pat pse36 clflush mmx fxsr sse sse2 ht syscall nx mmxext fxsr_opt pdpe1gb rdtscp lm 3dnowext 3dnow constant_tsc rep_good nopl nonstop_tsc extd_apicid pni monitor cx16 popcnt lahf_lm cmp_legacy svm extapic cr8_legacy abm sse4a misalignsse 3dnowprefetch osvw ibs skinit wdt npt lbrv svm_lock nrip_save
bogomips	: 6015.15
TLB size	: 1024 4K pages
clflush size	: 64
cache_alignment	: 64
address sizes	: 48 bits physical, 48 bits virtual
power management: ts ttp tm stc 100mhzsteps hwpstate



Memory: 4k page, physical 8193436k(4577932k free), swap 7812092k(7812092k free)

vm_info: Java HotSpot(TM) 64-Bit Server VM (23.21-b01) for linux-amd64 JRE (1.7.0_21-b11), built on Apr  4 2013 04:03:29 by "java_re" with gcc 4.3.0 20080428 (Red Hat 4.3.0-8)

time: Mon Jul  8 18:19:16 2013
elapsed time: 14 seconds

