#
# A fatal error has been detected by the Java Runtime Environment:
#
#  SIGSEGV (0xb) at pc=0x00007fb163aeac08, pid=4365, tid=140399954511616
#
# JRE version: 7.0_21-b11
# Java VM: Java HotSpot(TM) 64-Bit Server VM (23.21-b01 mixed mode linux-amd64 compressed oops)
# Problematic frame:
# C  [libX11.so.6+0x35c08]  XQueryExtension+0x28
#
# Failed to write core dump. Core dumps have been disabled. To enable core dumping, try "ulimit -c unlimited" before starting Java again
#
# If you would like to submit a bug report, please visit:
#   http://bugreport.sun.com/bugreport/crash.jsp
#

---------------  T H R E A D  ---------------

Current thread (0x00000000021c6000):  VMThread [stack: 0x00007fb1695a4000,0x00007fb1696a5000] [id=4375]

siginfo:si_signo=SIGSEGV: si_errno=0, si_code=1 (SEGV_MAPERR), si_addr=0x00000000640e2508

Registers:
RAX=0x00000000022bfdb0, RBX=0x00000000640e1ba0, RCX=0x00007fb1696a3858, RDX=0x00007fb1696a3854
RSP=0x00007fb1696a37f0, RBP=0x00007fb162cfc452, RSI=0x00007fb162cfc452, RDI=0x00000000640e1ba0
R8 =0x00007fb1696a385c, R9 =0x0000000000000000, R10=0x00007fb1758d5ea8, R11=0x00007fb175571be0
R12=0x00007fb1696a3854, R13=0x00007fb162cfc452, R14=0x00000000022bfdb0, R15=0x0000000000000000
RIP=0x00007fb163aeac08, EFLAGS=0x0000000000010206, CSGSFS=0x0000000000000033, ERR=0x0000000000000004
  TRAPNO=0x000000000000000e

Top of Stack: (sp=0x00007fb1696a37f0)
0x00007fb1696a37f0:   00007fb1755445c8 00007fb17610b548
0x00007fb1696a3800:   00007fb176132048 00007fb164000020
0x00007fb1696a3810:   0000000000000000 00000000640e1ba0
0x00007fb1696a3820:   00007fb162cfc452 0000000000000000
0x00007fb1696a3830:   00007fb162cfc452 00000000022bfdb0
0x00007fb1696a3840:   0000000000000000 00007fb163ade4f5
0x00007fb1696a3850:   00007fb176132048 00007fb162e34d40
0x00007fb1696a3860:   00007fb162e34d40 00000000640e1ba0
0x00007fb1696a3870:   00007fb16410e3e0 00007fb163dfb73b
0x00007fb1696a3880:   00007fb164113740 00000011755445c8
0x00007fb1696a3890:   00007fb1696a3910 0000000000000000
0x00007fb1696a38a0:   00007fb1696a3910 00000000640e1ba0
0x00007fb1696a38b0:   0000000000000000 00007fb176132048
0x00007fb1696a38c0:   00007fb162e4e410 00007fb162ca2e39
0x00007fb1696a38d0:   0000000000000000 0000000000000037
0x00007fb1696a38e0:   00007fb1696a3910 00007fb1696a3930
0x00007fb1696a38f0:   0000000000000000 00007fb176132048
0x00007fb1696a3900:   00007fb1640e90b0 00007fb162c998a2
0x00007fb1696a3910:   00007fb1696a3b60 00007fb162cfc3c1
0x00007fb1696a3920:   00007fb1696a3b60 00007fb175f20135
0x00007fb1696a3930:   00007fb1761332c8 00007fb176133858
0x00007fb1696a3940:   00007fb176130b50 000000000213b080
0x00007fb1696a3950:   000000000213bb40 000000000213c040
0x00007fb1696a3960:   0000000002140ed0 00007fb164093fb0
0x00007fb1696a3970:   00007fb164095560 00007fb164095a30
0x00007fb1696a3980:   00007fb16410e7a0 00007fb16410ecb0
0x00007fb1696a3990:   00007fb16413d9c0 00007fb1640e90b0
0x00007fb1696a39a0:   00007fb16413de60 00007fb1640946d0
0x00007fb1696a39b0:   00007fb1643196f0 00007fb164095080
0x00007fb1696a39c0:   00007fb164319b90 00007fb164094b70
0x00007fb1696a39d0:   00007fb1643b3b20 00007fb1643b4230
0x00007fb1696a39e0:   00007fb1643d1e10 00007fb1643c6db0 

Instructions: (pc=0x00007fb163aeac08)
0x00007fb163aeabe8:   24 d8 48 89 fb 4c 89 64 24 e0 4c 89 6c 24 e8 49
0x00007fb163aeabf8:   89 d4 4c 89 74 24 f0 4c 89 7c 24 f8 48 83 ec 58
0x00007fb163aeac08:   48 8b 87 68 09 00 00 49 89 f5 48 89 cd 4d 89 c6
0x00007fb163aeac18:   48 85 c0 74 02 ff 10 4c 8b bb b0 00 00 00 49 8d 

Register to memory mapping:

RAX=0x00000000022bfdb0 is an unknown value
RBX=0x00000000640e1ba0 is an unknown value
RCX=0x00007fb1696a3858 is an unknown value
RDX=0x00007fb1696a3854 is an unknown value
RSP=0x00007fb1696a37f0 is an unknown value
RBP=0x00007fb162cfc452: <offset 0x96452> in /usr/lib/fglrx/libGL.so.1 at 0x00007fb162c66000
RSI=0x00007fb162cfc452: <offset 0x96452> in /usr/lib/fglrx/libGL.so.1 at 0x00007fb162c66000
RDI=0x00000000640e1ba0 is an unknown value
R8 =0x00007fb1696a385c is an unknown value
R9 =0x0000000000000000 is an unknown value
R10=0x00007fb1758d5ea8: <offset 0x39fea8> in /lib/x86_64-linux-gnu/libc.so.6 at 0x00007fb175536000
R11=0x00007fb175571be0: __cxa_finalize+0 in /lib/x86_64-linux-gnu/libc.so.6 at 0x00007fb175536000
R12=0x00007fb1696a3854 is an unknown value
R13=0x00007fb162cfc452: <offset 0x96452> in /usr/lib/fglrx/libGL.so.1 at 0x00007fb162c66000
R14=0x00000000022bfdb0 is an unknown value
R15=0x0000000000000000 is an unknown value


Stack: [0x00007fb1695a4000,0x00007fb1696a5000],  sp=0x00007fb1696a37f0,  free space=1021k
Native frames: (J=compiled Java code, j=interpreted, Vv=VM code, C=native code)
C  [libX11.so.6+0x35c08]  XQueryExtension+0x28

VM_Operation (0x00007fb15ede2ed0): Exit, mode: safepoint, requested by thread 0x00007fb16439f000


---------------  P R O C E S S  ---------------

Java Threads: ( => current thread )
  0x00007fb164401800 JavaThread "Direct Clip" daemon [_thread_blocked, id=4406, stack(0x00007fb145905000,0x00007fb145a06000)]
  0x00007fb1643f9000 JavaThread "Direct Clip" daemon [_thread_blocked, id=4404, stack(0x00007fb14a208000,0x00007fb14a309000)]
  0x00007fb1643f0800 JavaThread "Direct Clip" daemon [_thread_blocked, id=4402, stack(0x00007fb14eb0b000,0x00007fb14ec0c000)]
  0x00007fb1643e8000 JavaThread "Direct Clip" daemon [_thread_blocked, id=4400, stack(0x00007fb15340e000,0x00007fb15350f000)]
  0x00007fb1643dc000 JavaThread "Direct Clip" daemon [_thread_blocked, id=4398, stack(0x00007fb15e3e8000,0x00007fb15e4e9000)]
  0x00007fb1643d1000 JavaThread "Java Sound Event Dispatcher" daemon [_thread_blocked, id=4394, stack(0x00007fb15e4e9000,0x00007fb15e5ea000)]
  0x00007fb16439f000 JavaThread "AWT-EventQueue-0" [_thread_blocked, id=4387, stack(0x00007fb15ece5000,0x00007fb15ede6000)]
  0x00007fb164391800 JavaThread "AWT-Shutdown" [_thread_blocked, id=4386, stack(0x00007fb15ede6000,0x00007fb15eee7000)]
  0x00007fb164328000 JavaThread "AWT-XAWT" daemon [_thread_blocked, id=4385, stack(0x00007fb15eee7000,0x00007fb15efe8000)]
  0x00007fb1642ee000 JavaThread "Java2D Disposer" daemon [_thread_blocked, id=4384, stack(0x00007fb15f41b000,0x00007fb15f51c000)]
  0x00007fb1642eb800 JavaThread "Java2D Queue Flusher" daemon [_thread_blocked, id=4383, stack(0x00007fb15fe3a000,0x00007fb15ff3b000)]
  0x00007fb164056000 JavaThread "Service Thread" daemon [_thread_blocked, id=4381, stack(0x00007fb168746000,0x00007fb168847000)]
  0x00007fb164053000 JavaThread "C2 CompilerThread1" daemon [_thread_blocked, id=4380, stack(0x00007fb168847000,0x00007fb168948000)]
  0x00007fb164050000 JavaThread "C2 CompilerThread0" daemon [_thread_blocked, id=4379, stack(0x00007fb168948000,0x00007fb168a49000)]
  0x00007fb16404e000 JavaThread "Signal Dispatcher" daemon [_thread_blocked, id=4378, stack(0x00007fb168a49000,0x00007fb168b4a000)]
  0x00007fb164001000 JavaThread "Finalizer" daemon [_thread_blocked, id=4377, stack(0x00007fb1693a2000,0x00007fb1694a3000)]
  0x00000000021cd800 JavaThread "Reference Handler" daemon [_thread_blocked, id=4376, stack(0x00007fb1694a3000,0x00007fb1695a4000)]
  0x000000000213d000 JavaThread "main" [_thread_blocked, id=4370, stack(0x00007fb176007000,0x00007fb176108000)]

Other Threads:
=>0x00000000021c6000 VMThread [stack: 0x00007fb1695a4000,0x00007fb1696a5000] [id=4375]

VM state:at safepoint (shutting down)

VM Mutex/Monitor currently owned by a thread:  ([mutex/lock_event])
[0x0000000002139250] Threads_lock - owner thread: 0x00000000021c6000

Heap
 PSYoungGen      total 37376K, used 14000K [0x00000007d64b0000, 0x00000007d8e60000, 0x0000000800000000)
  eden space 32064K, 27% used [0x00000007d64b0000,0x00000007d6d308f0,0x00000007d8400000)
  from space 5312K, 99% used [0x00000007d8400000,0x00000007d892bab0,0x00000007d8930000)
  to   space 5312K, 0% used [0x00000007d8930000,0x00000007d8930000,0x00000007d8e60000)
 ParOldGen       total 85376K, used 2904K [0x0000000782e00000, 0x0000000788160000, 0x00000007d64b0000)
  object space 85376K, 3% used [0x0000000782e00000,0x00000007830d6020,0x0000000788160000)
 PSPermGen       total 21248K, used 10115K [0x000000077dc00000, 0x000000077f0c0000, 0x0000000782e00000)
  object space 21248K, 47% used [0x000000077dc00000,0x000000077e5e0eb0,0x000000077f0c0000)

Card table byte_map: [0x00007fb1700df000,0x00007fb1704f2000] byte_map_base: 0x00007fb16c4f1000

Polling page: 0x00007fb17612e000

Code Cache  [0x00007fb1704f2000, 0x00007fb170762000, 0x00007fb1734f2000)
 total_blobs=627 nmethods=182 adapters=397 free_code_cache=48326Kb largest_free_block=49453376

Compilation events (10 events):
Event: 2,654 Thread 0x00007fb164050000 nmethod 168 0x00007fb1705bd490 code [0x00007fb1705bd6a0, 0x00007fb1705be4f0]
Event: 2,663 Thread 0x00007fb164053000 nmethod 175 0x00007fb1705c1810 code [0x00007fb1705c1a40, 0x00007fb1705c2c30]
Event: 2,697 Thread 0x00007fb164050000    4 %           Main::main @ 25 (66 bytes)
Event: 2,705 Thread 0x00007fb164050000 nmethod 4% 0x00007fb1705bb410 code [0x00007fb1705bb580, 0x00007fb1705bb7c8]
Event: 2,978 Thread 0x00007fb164053000  176             sun.font.TrueTypeGlyphMapper::charsToGlyphsNS (199 bytes)
Event: 2,978 Thread 0x00007fb164050000  177             sun.font.FileFontStrike::getGlyphImagePtrs (110 bytes)
Event: 2,987 Thread 0x00007fb164050000 nmethod 177 0x00007fb1705b9210 code [0x00007fb1705b93c0, 0x00007fb1705b99a8]
Event: 3,007 Thread 0x00007fb164053000 nmethod 176 0x00007fb1705bf550 code [0x00007fb1705bf780, 0x00007fb1705c0960]
Event: 4,159 Thread 0x00007fb164050000  178             sun.java2d.pipe.AlphaPaintPipe::renderPathTile (491 bytes)
Event: 4,180 Thread 0x00007fb164050000 nmethod 178 0x00007fb1705c6890 code [0x00007fb1705c6ac0, 0x00007fb1705c78b0]

GC Heap History (2 events):
Event: 3,079 GC heap before
{Heap before GC invocations=1 (full 0):
 PSYoungGen      total 37376K, used 32064K [0x00000007d64b0000, 0x00000007d8e60000, 0x0000000800000000)
  eden space 32064K, 100% used [0x00000007d64b0000,0x00000007d8400000,0x00000007d8400000)
  from space 5312K, 0% used [0x00000007d8930000,0x00000007d8930000,0x00000007d8e60000)
  to   space 5312K, 0% used [0x00000007d8400000,0x00000007d8400000,0x00000007d8930000)
 ParOldGen       total 85376K, used 0K [0x0000000782e00000, 0x0000000788160000, 0x00000007d64b0000)
  object space 85376K, 0% used [0x0000000782e00000,0x0000000782e00000,0x0000000788160000)
 PSPermGen       total 21248K, used 10105K [0x000000077dc00000, 0x000000077f0c0000, 0x0000000782e00000)
  object space 21248K, 47% used [0x000000077dc00000,0x000000077e5de590,0x000000077f0c0000)
Event: 3,090 GC heap after
Heap after GC invocations=1 (full 0):
 PSYoungGen      total 37376K, used 5294K [0x00000007d64b0000, 0x00000007d8e60000, 0x0000000800000000)
  eden space 32064K, 0% used [0x00000007d64b0000,0x00000007d64b0000,0x00000007d8400000)
  from space 5312K, 99% used [0x00000007d8400000,0x00000007d892bab0,0x00000007d8930000)
  to   space 5312K, 0% used [0x00000007d8930000,0x00000007d8930000,0x00000007d8e60000)
 ParOldGen       total 85376K, used 2904K [0x0000000782e00000, 0x0000000788160000, 0x00000007d64b0000)
  object space 85376K, 3% used [0x0000000782e00000,0x00000007830d6020,0x0000000788160000)
 PSPermGen       total 21248K, used 10105K [0x000000077dc00000, 0x000000077f0c0000, 0x0000000782e00000)
  object space 21248K, 47% used [0x000000077dc00000,0x000000077e5de590,0x000000077f0c0000)
}

Deoptimization events (7 events):
Event: 0,649 Thread 0x000000000213d000 Uncommon trap -34 fr.pc 0x00007fb17057a1f8
Event: 0,650 Thread 0x000000000213d000 Uncommon trap -34 fr.pc 0x00007fb17057a1f8
Event: 0,651 Thread 0x000000000213d000 Uncommon trap -34 fr.pc 0x00007fb17057a1f8
Event: 0,652 Thread 0x000000000213d000 Uncommon trap -34 fr.pc 0x00007fb17057a1f8
Event: 0,702 Thread 0x000000000213d000 Uncommon trap 64 fr.pc 0x00007fb17057eda8
Event: 0,702 Thread 0x000000000213d000 Uncommon trap -67 fr.pc 0x00007fb17057e78c
Event: 3,100 Thread 0x000000000213d000 Uncommon trap -12 fr.pc 0x00007fb17059a5d4

Internal exceptions (10 events):
Event: 0,555 Thread 0x000000000213d000 Threw 0x00000007d69721d0 at /HUDSON/workspace/jdk7u21-2-build-linux-amd64-product/jdk7u21/hotspot/src/share/vm/prims/jvm.cpp:1166
Event: 0,556 Thread 0x000000000213d000 Threw 0x00000007d6975698 at /HUDSON/workspace/jdk7u21-2-build-linux-amd64-product/jdk7u21/hotspot/src/share/vm/prims/jvm.cpp:1166
Event: 0,557 Thread 0x000000000213d000 Threw 0x00000007d6977198 at /HUDSON/workspace/jdk7u21-2-build-linux-amd64-product/jdk7u21/hotspot/src/share/vm/prims/jvm.cpp:1166
Event: 0,576 Thread 0x000000000213d000 Threw 0x00000007d697a8a0 at /HUDSON/workspace/jdk7u21-2-build-linux-amd64-product/jdk7u21/hotspot/src/share/vm/prims/jvm.cpp:1166
Event: 0,577 Thread 0x000000000213d000 Threw 0x00000007d6981000 at /HUDSON/workspace/jdk7u21-2-build-linux-amd64-product/jdk7u21/hotspot/src/share/vm/prims/jvm.cpp:1166
Event: 0,577 Thread 0x000000000213d000 Threw 0x00000007d6986f10 at /HUDSON/workspace/jdk7u21-2-build-linux-amd64-product/jdk7u21/hotspot/src/share/vm/prims/jvm.cpp:1166
Event: 0,577 Thread 0x000000000213d000 Threw 0x00000007d6989080 at /HUDSON/workspace/jdk7u21-2-build-linux-amd64-product/jdk7u21/hotspot/src/share/vm/prims/jvm.cpp:1166
Event: 0,578 Thread 0x000000000213d000 Threw 0x00000007d698f928 at /HUDSON/workspace/jdk7u21-2-build-linux-amd64-product/jdk7u21/hotspot/src/share/vm/prims/jvm.cpp:1166
Event: 0,930 Thread 0x00007fb16439f000 Threw 0x00000007d67407c0 at /HUDSON/workspace/jdk7u21-2-build-linux-amd64-product/jdk7u21/hotspot/src/share/vm/prims/jni.cpp:742
Event: 3,100 Thread 0x000000000213d000 Implicit null exception at 0x00007fb1705992b7 to 0x00007fb17059a595

Events (10 events):
Event: 3,101 Thread 0x000000000213d000 DEOPT UNPACKING pc=0x00007fb17052b145 sp=0x00007fb176106340 mode 2
Event: 4,056 Executing VM operation: EnableBiasedLocking
Event: 4,056 Executing VM operation: EnableBiasedLocking done
Event: 6,634 Thread 0x00007fb16458b800 Thread added: 0x00007fb16458b800
Event: 6,635 loading class 0x00007fb1643028b0
Event: 6,635 loading class 0x0000000002807da0
Event: 6,635 loading class 0x0000000002807da0 done
Event: 6,635 loading class 0x00007fb1643028b0 done
Event: 6,716 Thread 0x00007fb16458b800 Thread exited: 0x00007fb16458b800
Event: 6,717 Executing VM operation: Exit


Dynamic libraries:
00400000-00401000 r-xp 00000000 08:05 1468702                            /usr/lib/jvm/java-7-oracle/bin/java
00600000-00601000 rw-p 00000000 08:05 1468702                            /usr/lib/jvm/java-7-oracle/bin/java
02133000-02a3d000 rw-p 00000000 00:00 0                                  [heap]
77dc00000-77f0c0000 rw-p 00000000 00:00 0 
77f0c0000-782e00000 rw-p 00000000 00:00 0 
782e00000-788160000 rw-p 00000000 00:00 0 
788160000-7d64b0000 rw-p 00000000 00:00 0 
7d64b0000-7d8e60000 rw-p 00000000 00:00 0 
7d8e60000-800000000 rw-p 00000000 00:00 0 
7fb1412b6000-7fb1412b9000 ---p 00000000 00:00 0 
7fb1412b9000-7fb1413b7000 rw-p 00000000 00:00 0 
7fb1413b7000-7fb1415b7000 rw-s df196000 00:05 9325                       /dev/ati/card0
7fb1415b7000-7fb1417b7000 rw-s def96000 00:05 9325                       /dev/ati/card0
7fb1417b7000-7fb1419b7000 rw-s ded96000 00:05 9325                       /dev/ati/card0
7fb1419b7000-7fb141bb7000 rw-s deb96000 00:05 9325                       /dev/ati/card0
7fb141bb7000-7fb141db7000 rw-s de996000 00:05 9325                       /dev/ati/card0
7fb141db7000-7fb141fb7000 rw-s de796000 00:05 9325                       /dev/ati/card0
7fb141fb7000-7fb1421b7000 rw-s de596000 00:05 9325                       /dev/ati/card0
7fb1421b7000-7fb1423b7000 rw-s de396000 00:05 9325                       /dev/ati/card0
7fb1423b7000-7fb1425b7000 rw-s de196000 00:05 9325                       /dev/ati/card0
7fb1425b7000-7fb1427b7000 rw-s ddf96000 00:05 9325                       /dev/ati/card0
7fb1427b7000-7fb1429b7000 rw-s ddd96000 00:05 9325                       /dev/ati/card0
7fb1429b7000-7fb142ab7000 rw-s 0f428000 00:05 9325                       /dev/ati/card0
7fb142ab7000-7fb142cb7000 rw-s ddb96000 00:05 9325                       /dev/ati/card0
7fb142cb7000-7fb142eb7000 rw-s dd996000 00:05 9325                       /dev/ati/card0
7fb142eb7000-7fb1430b7000 rw-s dd796000 00:05 9325                       /dev/ati/card0
7fb1430b7000-7fb1432b7000 rw-s dd596000 00:05 9325                       /dev/ati/card0
7fb1432b7000-7fb1433b7000 rw-s 0f413000 00:05 9325                       /dev/ati/card0
7fb1433b7000-7fb1435b7000 rw-s dd396000 00:05 9325                       /dev/ati/card0
7fb1435b7000-7fb1437b7000 rw-s dd196000 00:05 9325                       /dev/ati/card0
7fb1437b7000-7fb1439b7000 rw-s dcf96000 00:05 9325                       /dev/ati/card0
7fb1439b7000-7fb143bb7000 rw-s dcd96000 00:05 9325                       /dev/ati/card0
7fb143bb7000-7fb143db7000 rw-s dcb96000 00:05 9325                       /dev/ati/card0
7fb143db7000-7fb143fb7000 rw-s dc996000 00:05 9325                       /dev/ati/card0
7fb143fb7000-7fb1441b7000 rw-s dc796000 00:05 9325                       /dev/ati/card0
7fb1441b7000-7fb1443b7000 rw-s dc596000 00:05 9325                       /dev/ati/card0
7fb1443b7000-7fb1445b7000 rw-s dc396000 00:05 9325                       /dev/ati/card0
7fb1445b7000-7fb1447b7000 rw-s da4c6000 00:05 9325                       /dev/ati/card0
7fb1447b7000-7fb1449b8000 rw-s d88c5000 00:05 9325                       /dev/ati/card0
7fb1449b8000-7fb144bb9000 rw-s d86c5000 00:05 9325                       /dev/ati/card0
7fb144bb9000-7fb144cb9000 rw-s 0f38c000 00:05 9325                       /dev/ati/card0
7fb144cb9000-7fb144d21000 r-xp 00000000 08:05 838300                     /usr/lib/jvm/java-7-oracle/jre/lib/amd64/libt2k.so
7fb144d21000-7fb144f20000 ---p 00068000 08:05 838300                     /usr/lib/jvm/java-7-oracle/jre/lib/amd64/libt2k.so
7fb144f20000-7fb144f27000 rw-p 00067000 08:05 838300                     /usr/lib/jvm/java-7-oracle/jre/lib/amd64/libt2k.so
7fb144f27000-7fb144f37000 rw-p 00000000 00:00 0 
7fb144f37000-7fb144f50000 r--s 00000000 08:05 1186248                    /usr/share/fonts/type1/gsfonts/n022004l.pfb
7fb144f50000-7fb144f61000 r--s 00000000 08:05 1186218                    /usr/share/fonts/type1/gsfonts/n019024l.pfb
7fb144f61000-7fb144f73000 r--s 00000000 08:05 1186212                    /usr/share/fonts/type1/gsfonts/n019004l.pfb
7fb144f73000-7fb144f89000 r--s 00000000 08:05 1186254                    /usr/share/fonts/type1/gsfonts/n022024l.pfb
7fb144f89000-7fb144f8f000 r--s 00000000 08:05 665017                     /usr/share/texmf/fonts/type1/public/lm/lmex10.pfb
7fb144f8f000-7fb144fa5000 r--s 00000000 08:05 1186251                    /usr/share/fonts/type1/gsfonts/n022023l.pfb
7fb144fa5000-7fb144fb9000 r--s 00000000 08:05 1186209                    /usr/share/fonts/type1/gsfonts/n019003l.pfb
7fb144fb9000-7fb144fd2000 r--s 00000000 08:05 1186236                    /usr/share/fonts/type1/gsfonts/n021004l.pfb
7fb144fd2000-7fb144fee000 r--s 00000000 08:05 665036                     /usr/share/texmf/fonts/type1/public/lm/lmri10.pfb
7fb144fee000-7fb145006000 r--s 00000000 08:05 1186245                    /usr/share/fonts/type1/gsfonts/n022003l.pfb
7fb145006000-7fb145024000 r--s 00000000 08:05 665004                     /usr/share/texmf/fonts/type1/public/lm/lmbx10.pfb
7fb145024000-7fb14503d000 r--s 00000000 08:05 1186233                    /usr/share/fonts/type1/gsfonts/n021003l.pfb
7fb14503d000-7fb145054000 r--s 00000000 08:05 1186239                    /usr/share/fonts/type1/gsfonts/n021023l.pfb
7fb145054000-7fb145064000 r-xp 00000000 08:05 838298                     /usr/lib/jvm/java-7-oracle/jre/lib/amd64/libnio.so
7fb145064000-7fb145264000 ---p 00010000 08:05 838298                     /usr/lib/jvm/java-7-oracle/jre/lib/amd64/libnio.so
7fb145264000-7fb145265000 rw-p 00010000 08:05 838298                     /usr/lib/jvm/java-7-oracle/jre/lib/amd64/libnio.so
7fb145265000-7fb14527a000 r-xp 00000000 08:05 838319                     /usr/lib/jvm/java-7-oracle/jre/lib/amd64/libnet.so
7fb14527a000-7fb14547a000 ---p 00015000 08:05 838319                     /usr/lib/jvm/java-7-oracle/jre/lib/amd64/libnet.so
7fb14547a000-7fb14547b000 rw-p 00015000 08:05 838319                     /usr/lib/jvm/java-7-oracle/jre/lib/amd64/libnet.so
7fb14547b000-7fb145490000 r-xp 00000000 08:05 1579990                    /lib/x86_64-linux-gnu/libgcc_s.so.1
7fb145490000-7fb14568f000 ---p 00015000 08:05 1579990                    /lib/x86_64-linux-gnu/libgcc_s.so.1
7fb14568f000-7fb145690000 r--p 00014000 08:05 1579990                    /lib/x86_64-linux-gnu/libgcc_s.so.1
7fb145690000-7fb145691000 rw-p 00015000 08:05 1579990                    /lib/x86_64-linux-gnu/libgcc_s.so.1
7fb145691000-7fb1456f0000 r-xp 00000000 08:05 838271                     /usr/lib/jvm/java-7-oracle/jre/lib/amd64/libfontmanager.so
7fb1456f0000-7fb1458f0000 ---p 0005f000 08:05 838271                     /usr/lib/jvm/java-7-oracle/jre/lib/amd64/libfontmanager.so
7fb1458f0000-7fb1458f4000 rw-p 0005f000 08:05 838271                     /usr/lib/jvm/java-7-oracle/jre/lib/amd64/libfontmanager.so
7fb1458f4000-7fb145905000 rw-p 00000000 00:00 0 
7fb145905000-7fb145908000 ---p 00000000 00:00 0 
7fb145908000-7fb145a06000 rw-p 00000000 00:00 0 
7fb145a06000-7fb145a07000 ---p 00000000 00:00 0 
7fb145a07000-7fb146207000 rw-p 00000000 00:00 0 
7fb146207000-7fb14a208000 rw-s 00000000 00:12 24673                      /run/shm/pulse-shm-3641909533
7fb14a208000-7fb14a20b000 ---p 00000000 00:00 0 
7fb14a20b000-7fb14a309000 rw-p 00000000 00:00 0 
7fb14a309000-7fb14a30a000 ---p 00000000 00:00 0 
7fb14a30a000-7fb14ab0a000 rw-p 00000000 00:00 0 
7fb14ab0a000-7fb14eb0b000 rw-s 00000000 00:12 24414                      /run/shm/pulse-shm-3182736000
7fb14eb0b000-7fb14eb0e000 ---p 00000000 00:00 0 
7fb14eb0e000-7fb14ec0c000 rw-p 00000000 00:00 0 
7fb14ec0c000-7fb14ec0d000 ---p 00000000 00:00 0 
7fb14ec0d000-7fb14f40d000 rw-p 00000000 00:00 0 
7fb14f40d000-7fb15340e000 rw-s 00000000 00:12 18237                      /run/shm/pulse-shm-2155324001
7fb15340e000-7fb153411000 ---p 00000000 00:00 0 
7fb153411000-7fb15350f000 rw-p 00000000 00:00 0 
7fb15350f000-7fb153510000 ---p 00000000 00:00 0 
7fb153510000-7fb153d10000 rw-p 00000000 00:00 0 
7fb153d10000-7fb157d11000 rw-s 00000000 00:12 24410                      /run/shm/pulse-shm-1209730654
7fb157d11000-7fb157d12000 ---p 00000000 00:00 0 
7fb157d12000-7fb158512000 rw-p 00000000 00:00 0 
7fb158512000-7fb15c513000 rw-s 00000000 00:12 24664                      /run/shm/pulse-shm-2870280304
7fb15c513000-7fb15c518000 r-xp 00000000 08:05 789582                     /usr/lib/x86_64-linux-gnu/alsa-lib/libasound_module_pcm_pulse.so
7fb15c518000-7fb15c718000 ---p 00005000 08:05 789582                     /usr/lib/x86_64-linux-gnu/alsa-lib/libasound_module_pcm_pulse.so
7fb15c718000-7fb15c719000 r--p 00005000 08:05 789582                     /usr/lib/x86_64-linux-gnu/alsa-lib/libasound_module_pcm_pulse.so
7fb15c719000-7fb15c71a000 rw-p 00006000 08:05 789582                     /usr/lib/x86_64-linux-gnu/alsa-lib/libasound_module_pcm_pulse.so
7fb15c71a000-7fb15c731000 r-xp 00000000 08:05 1614601                    /lib/x86_64-linux-gnu/libresolv-2.13.so
7fb15c731000-7fb15c931000 ---p 00017000 08:05 1614601                    /lib/x86_64-linux-gnu/libresolv-2.13.so
7fb15c931000-7fb15c932000 r--p 00017000 08:05 1614601                    /lib/x86_64-linux-gnu/libresolv-2.13.so
7fb15c932000-7fb15c933000 rw-p 00018000 08:05 1614601                    /lib/x86_64-linux-gnu/libresolv-2.13.so
7fb15c933000-7fb15c935000 rw-p 00000000 00:00 0 
7fb15c935000-7fb15c93b000 r-xp 00000000 08:05 534952                     /usr/lib/x86_64-linux-gnu/libogg.so.0.7.1
7fb15c93b000-7fb15cb3a000 ---p 00006000 08:05 534952                     /usr/lib/x86_64-linux-gnu/libogg.so.0.7.1
7fb15cb3a000-7fb15cb3b000 r--p 00005000 08:05 534952                     /usr/lib/x86_64-linux-gnu/libogg.so.0.7.1
7fb15cb3b000-7fb15cb3c000 rw-p 00006000 08:05 534952                     /usr/lib/x86_64-linux-gnu/libogg.so.0.7.1
7fb15cb3c000-7fb15cb67000 r-xp 00000000 08:05 527211                     /usr/lib/x86_64-linux-gnu/libvorbis.so.0.4.5
7fb15cb67000-7fb15cd66000 ---p 0002b000 08:05 527211                     /usr/lib/x86_64-linux-gnu/libvorbis.so.0.4.5
7fb15cd66000-7fb15cd67000 r--p 0002a000 08:05 527211                     /usr/lib/x86_64-linux-gnu/libvorbis.so.0.4.5
7fb15cd67000-7fb15cd68000 rw-p 0002b000 08:05 527211                     /usr/lib/x86_64-linux-gnu/libvorbis.so.0.4.5
7fb15cd68000-7fb15d01b000 r-xp 00000000 08:05 527209                     /usr/lib/x86_64-linux-gnu/libvorbisenc.so.2.0.8
7fb15d01b000-7fb15d21a000 ---p 002b3000 08:05 527209                     /usr/lib/x86_64-linux-gnu/libvorbisenc.so.2.0.8
7fb15d21a000-7fb15d236000 r--p 002b2000 08:05 527209                     /usr/lib/x86_64-linux-gnu/libvorbisenc.so.2.0.8
7fb15d236000-7fb15d237000 rw-p 002ce000 08:05 527209                     /usr/lib/x86_64-linux-gnu/libvorbisenc.so.2.0.8
7fb15d237000-7fb15d27f000 r-xp 00000000 08:05 534703                     /usr/lib/x86_64-linux-gnu/libFLAC.so.8.2.0
7fb15d27f000-7fb15d47f000 ---p 00048000 08:05 534703                     /usr/lib/x86_64-linux-gnu/libFLAC.so.8.2.0
7fb15d47f000-7fb15d480000 r--p 00048000 08:05 534703                     /usr/lib/x86_64-linux-gnu/libFLAC.so.8.2.0
7fb15d480000-7fb15d481000 rw-p 00049000 08:05 534703                     /usr/lib/x86_64-linux-gnu/libFLAC.so.8.2.0
7fb15d481000-7fb15d486000 r-xp 00000000 08:05 534786                     /usr/lib/x86_64-linux-gnu/libasyncns.so.0.3.1
7fb15d486000-7fb15d685000 ---p 00005000 08:05 534786                     /usr/lib/x86_64-linux-gnu/libasyncns.so.0.3.1
7fb15d685000-7fb15d686000 r--p 00004000 08:05 534786                     /usr/lib/x86_64-linux-gnu/libasyncns.so.0.3.1
7fb15d686000-7fb15d687000 rw-p 00005000 08:05 534786                     /usr/lib/x86_64-linux-gnu/libasyncns.so.0.3.1
7fb15d687000-7fb15d6e7000 r-xp 00000000 08:05 535004                     /usr/lib/x86_64-linux-gnu/libsndfile.so.1.0.24
7fb15d6e7000-7fb15d8e7000 ---p 00060000 08:05 535004                     /usr/lib/x86_64-linux-gnu/libsndfile.so.1.0.24
7fb15d8e7000-7fb15d8e9000 r--p 00060000 08:05 535004                     /usr/lib/x86_64-linux-gnu/libsndfile.so.1.0.24
7fb15d8e9000-7fb15d8ea000 rw-p 00062000 08:05 535004                     /usr/lib/x86_64-linux-gnu/libsndfile.so.1.0.24
7fb15d8ea000-7fb15d8ee000 rw-p 00000000 00:00 0 
7fb15d8ee000-7fb15d8f6000 r-xp 00000000 08:05 1580050                    /lib/x86_64-linux-gnu/libwrap.so.0.7.6
7fb15d8f6000-7fb15daf5000 ---p 00008000 08:05 1580050                    /lib/x86_64-linux-gnu/libwrap.so.0.7.6
7fb15daf5000-7fb15daf6000 r--p 00007000 08:05 1580050                    /lib/x86_64-linux-gnu/libwrap.so.0.7.6
7fb15daf6000-7fb15daf7000 rw-p 00008000 08:05 1580050                    /lib/x86_64-linux-gnu/libwrap.so.0.7.6
7fb15daf7000-7fb15db39000 r-xp 00000000 08:05 1580334                    /lib/x86_64-linux-gnu/libdbus-1.so.3.5.7
7fb15db39000-7fb15dd39000 ---p 00042000 08:05 1580334                    /lib/x86_64-linux-gnu/libdbus-1.so.3.5.7
7fb15dd39000-7fb15dd3a000 r--p 00042000 08:05 1580334                    /lib/x86_64-linux-gnu/libdbus-1.so.3.5.7
7fb15dd3a000-7fb15dd3b000 rw-p 00043000 08:05 1580334                    /lib/x86_64-linux-gnu/libdbus-1.so.3.5.7
7fb15dd3b000-7fb15dd97000 r-xp 00000000 08:05 527159                     /usr/lib/x86_64-linux-gnu/libpulsecommon-1.0.so
7fb15dd97000-7fb15df97000 ---p 0005c000 08:05 527159                     /usr/lib/x86_64-linux-gnu/libpulsecommon-1.0.so
7fb15df97000-7fb15df98000 r--p 0005c000 08:05 527159                     /usr/lib/x86_64-linux-gnu/libpulsecommon-1.0.so
7fb15df98000-7fb15df99000 rw-p 0005d000 08:05 527159                     /usr/lib/x86_64-linux-gnu/libpulsecommon-1.0.so
7fb15df99000-7fb15dfa0000 r-xp 00000000 08:05 534909                     /usr/lib/x86_64-linux-gnu/libjson.so.0.0.1
7fb15dfa0000-7fb15e19f000 ---p 00007000 08:05 534909                     /usr/lib/x86_64-linux-gnu/libjson.so.0.0.1
7fb15e19f000-7fb15e1a0000 r--p 00006000 08:05 534909                     /usr/lib/x86_64-linux-gnu/libjson.so.0.0.1
7fb15e1a0000-7fb15e1a1000 rw-p 00007000 08:05 534909                     /usr/lib/x86_64-linux-gnu/libjson.so.0.0.1
7fb15e1a1000-7fb15e1e7000 r-xp 00000000 08:05 527157                     /usr/lib/x86_64-linux-gnu/libpulse.so.0.13.4
7fb15e1e7000-7fb15e3e6000 ---p 00046000 08:05 527157                     /usr/lib/x86_64-linux-gnu/libpulse.so.0.13.4
7fb15e3e6000-7fb15e3e7000 r--p 00045000 08:05 527157                     /usr/lib/x86_64-linux-gnu/libpulse.so.0.13.4
7fb15e3e7000-7fb15e3e8000 rw-p 00046000 08:05 527157                     /usr/lib/x86_64-linux-gnu/libpulse.so.0.13.4
7fb15e3e8000-7fb15e3eb000 ---p 00000000 00:00 0 
7fb15e3eb000-7fb15e4e9000 rw-p 00000000 00:00 0 
7fb15e4e9000-7fb15e4ec000 ---p 00000000 00:00 0 
7fb15e4ec000-7fb15e5ea000 rw-p 00000000 00:00 0 
7fb15e5ea000-7fb15e6cf000 r-xp 00000000 08:05 534784                     /usr/lib/x86_64-linux-gnu/libasound.so.2.0.0
7fb15e6cf000-7fb15e8ce000 ---p 000e5000 08:05 534784                     /usr/lib/x86_64-linux-gnu/libasound.so.2.0.0
7fb15e8ce000-7fb15e8d4000 r--p 000e4000 08:05 534784                     /usr/lib/x86_64-linux-gnu/libasound.so.2.0.0
7fb15e8d4000-7fb15e8d5000 rw-p 000ea000 08:05 534784                     /usr/lib/x86_64-linux-gnu/libasound.so.2.0.0
7fb15e8d5000-7fb15e8e4000 r-xp 00000000 08:05 838321                     /usr/lib/jvm/java-7-oracle/jre/lib/amd64/libjsoundalsa.so
7fb15e8e4000-7fb15eae3000 ---p 0000f000 08:05 838321                     /usr/lib/jvm/java-7-oracle/jre/lib/amd64/libjsoundalsa.so
7fb15eae3000-7fb15eae4000 rw-p 0000e000 08:05 838321                     /usr/lib/jvm/java-7-oracle/jre/lib/amd64/libjsoundalsa.so
7fb15eae4000-7fb15eae5000 r-xp 00000000 08:05 838299                     /usr/lib/jvm/java-7-oracle/jre/lib/amd64/libjsound.so
7fb15eae5000-7fb15ece4000 ---p 00001000 08:05 838299                     /usr/lib/jvm/java-7-oracle/jre/lib/amd64/libjsound.so
7fb15ece4000-7fb15ece5000 rw-p 00000000 08:05 838299                     /usr/lib/jvm/java-7-oracle/jre/lib/amd64/libjsound.so
7fb15ece5000-7fb15ece8000 ---p 00000000 00:00 0 
7fb15ece8000-7fb15ede6000 rw-p 00000000 00:00 0 
7fb15ede6000-7fb15ede9000 ---p 00000000 00:00 0 
7fb15ede9000-7fb15eee7000 rw-p 00000000 00:00 0 
7fb15eee7000-7fb15eeea000 ---p 00000000 00:00 0 
7fb15eeea000-7fb15efe8000 rw-p 00000000 00:00 0 
7fb15efe8000-7fb15efed000 r-xp 00000000 08:05 534764                     /usr/lib/x86_64-linux-gnu/libXfixes.so.3.1.0
7fb15efed000-7fb15f1ec000 ---p 00005000 08:05 534764                     /usr/lib/x86_64-linux-gnu/libXfixes.so.3.1.0
7fb15f1ec000-7fb15f1ed000 r--p 00004000 08:05 534764                     /usr/lib/x86_64-linux-gnu/libXfixes.so.3.1.0
7fb15f1ed000-7fb15f1ee000 rw-p 00005000 08:05 534764                     /usr/lib/x86_64-linux-gnu/libXfixes.so.3.1.0
7fb15f1ee000-7fb15f1f7000 r-xp 00000000 08:05 534756                     /usr/lib/x86_64-linux-gnu/libXcursor.so.1.0.2
7fb15f1f7000-7fb15f3f6000 ---p 00009000 08:05 534756                     /usr/lib/x86_64-linux-gnu/libXcursor.so.1.0.2
7fb15f3f6000-7fb15f3f7000 r--p 00008000 08:05 534756                     /usr/lib/x86_64-linux-gnu/libXcursor.so.1.0.2
7fb15f3f7000-7fb15f3f8000 rw-p 00009000 08:05 534756                     /usr/lib/x86_64-linux-gnu/libXcursor.so.1.0.2
7fb15f405000-7fb15f41b000 r--s 00000000 08:05 1186242                    /usr/share/fonts/type1/gsfonts/n021024l.pfb
7fb15f41b000-7fb15f41e000 ---p 00000000 00:00 0 
7fb15f41e000-7fb15fd32000 rw-p 00000000 00:00 0 
7fb15fd32000-7fb15fd72000 rw-s 00021000 00:05 9325                       /dev/ati/card0
7fb15fd72000-7fb15fe3a000 rw-p 00000000 00:00 0 
7fb15fe3a000-7fb15fe3d000 ---p 00000000 00:00 0 
7fb15fe3d000-7fb15ff9f000 rw-p 00000000 00:00 0 
7fb15ff9f000-7fb16069f000 rw-s 00006000 00:05 9325                       /dev/ati/card0
7fb16069f000-7fb16071f000 rw-p 00000000 00:00 0 
7fb16071f000-7fb160721000 r-xp 00000000 08:05 534770                     /usr/lib/x86_64-linux-gnu/libXinerama.so.1.0.0
7fb160721000-7fb160920000 ---p 00002000 08:05 534770                     /usr/lib/x86_64-linux-gnu/libXinerama.so.1.0.0
7fb160920000-7fb160921000 r--p 00001000 08:05 534770                     /usr/lib/x86_64-linux-gnu/libXinerama.so.1.0.0
7fb160921000-7fb160922000 rw-p 00002000 08:05 534770                     /usr/lib/x86_64-linux-gnu/libXinerama.so.1.0.0
7fb160922000-7fb16095c000 r-xp 00000000 08:05 588038                     /usr/lib/fglrx/libatiadlxx.so
7fb16095c000-7fb160a5b000 ---p 0003a000 08:05 588038                     /usr/lib/fglrx/libatiadlxx.so
7fb160a5b000-7fb160a65000 rw-p 00039000 08:05 588038                     /usr/lib/fglrx/libatiadlxx.so
7fb160a65000-7fb160a75000 rw-p 00000000 00:00 0 
7fb160a75000-7fb160a7c000 r-xp 00000000 08:05 588044                     /usr/lib/fglrx/libatiuki.so.1.0
7fb160a7c000-7fb160b7c000 ---p 00007000 08:05 588044                     /usr/lib/fglrx/libatiuki.so.1.0
7fb160b7c000-7fb160b7d000 rw-p 00007000 08:05 588044                     /usr/lib/fglrx/libatiuki.so.1.0
7fb160b7d000-7fb160b7e000 rw-p 00000000 00:00 0 
7fb160b7e000-7fb162916000 r-xp 00000000 08:05 588046                     /usr/lib/fglrx/dri/fglrx_dri.so
7fb162916000-7fb162a15000 ---p 01d98000 08:05 588046                     /usr/lib/fglrx/dri/fglrx_dri.so
7fb162a15000-7fb162b45000 rwxp 01d97000 08:05 588046                     /usr/lib/fglrx/dri/fglrx_dri.so
7fb162b45000-7fb162c66000 rwxp 00000000 00:00 0 
7fb162c66000-7fb162d29000 r-xp 00000000 08:05 588037                     /usr/lib/fglrx/libGL.so.1.2
7fb162d29000-7fb162e28000 ---p 000c3000 08:05 588037                     /usr/lib/fglrx/libGL.so.1.2
7fb162e28000-7fb162e4f000 rwxp 000c2000 08:05 588037                     /usr/lib/fglrx/libGL.so.1.2
7fb162e4f000-7fb162e6f000 rwxp 00000000 00:00 0 
7fb162e6f000-7fb162e74000 r-xp 00000000 08:05 534760                     /usr/lib/x86_64-linux-gnu/libXdmcp.so.6.0.0
7fb162e74000-7fb163073000 ---p 00005000 08:05 534760                     /usr/lib/x86_64-linux-gnu/libXdmcp.so.6.0.0
7fb163073000-7fb163074000 r--p 00004000 08:05 534760                     /usr/lib/x86_64-linux-gnu/libXdmcp.so.6.0.0
7fb163074000-7fb163075000 rw-p 00005000 08:05 534760                     /usr/lib/x86_64-linux-gnu/libXdmcp.so.6.0.0
7fb163075000-7fb163077000 r-xp 00000000 08:05 534752                     /usr/lib/x86_64-linux-gnu/libXau.so.6.0.0
7fb163077000-7fb163276000 ---p 00002000 08:05 534752                     /usr/lib/x86_64-linux-gnu/libXau.so.6.0.0
7fb163276000-7fb163277000 r--p 00001000 08:05 534752                     /usr/lib/x86_64-linux-gnu/libXau.so.6.0.0
7fb163277000-7fb163278000 rw-p 00002000 08:05 534752                     /usr/lib/x86_64-linux-gnu/libXau.so.6.0.0
7fb163278000-7fb163293000 r-xp 00000000 08:05 535048                     /usr/lib/x86_64-linux-gnu/libxcb.so.1.1.0
7fb163293000-7fb163492000 ---p 0001b000 08:05 535048                     /usr/lib/x86_64-linux-gnu/libxcb.so.1.1.0
7fb163492000-7fb163493000 r--p 0001a000 08:05 535048                     /usr/lib/x86_64-linux-gnu/libxcb.so.1.1.0
7fb163493000-7fb163494000 rw-p 0001b000 08:05 535048                     /usr/lib/x86_64-linux-gnu/libxcb.so.1.1.0
7fb163494000-7fb1634a3000 r-xp 00000000 08:05 572179                     /usr/lib/x86_64-linux-gnu/libXi.so.6.1.0
7fb1634a3000-7fb1636a2000 ---p 0000f000 08:05 572179                     /usr/lib/x86_64-linux-gnu/libXi.so.6.1.0
7fb1636a2000-7fb1636a3000 r--p 0000e000 08:05 572179                     /usr/lib/x86_64-linux-gnu/libXi.so.6.1.0
7fb1636a3000-7fb1636a4000 rw-p 0000f000 08:05 572179                     /usr/lib/x86_64-linux-gnu/libXi.so.6.1.0
7fb1636a4000-7fb1636a9000 r-xp 00000000 08:05 528297                     /usr/lib/libXtst.so.6.1.0
7fb1636a9000-7fb1638a8000 ---p 00005000 08:05 528297                     /usr/lib/libXtst.so.6.1.0
7fb1638a8000-7fb1638a9000 r--p 00004000 08:05 528297                     /usr/lib/libXtst.so.6.1.0
7fb1638a9000-7fb1638aa000 rw-p 00005000 08:05 528297                     /usr/lib/libXtst.so.6.1.0
7fb1638aa000-7fb1638b3000 r-xp 00000000 08:05 534774                     /usr/lib/x86_64-linux-gnu/libXrender.so.1.3.0
7fb1638b3000-7fb163ab3000 ---p 00009000 08:05 534774                     /usr/lib/x86_64-linux-gnu/libXrender.so.1.3.0
7fb163ab3000-7fb163ab4000 r--p 00009000 08:05 534774                     /usr/lib/x86_64-linux-gnu/libXrender.so.1.3.0
7fb163ab4000-7fb163ab5000 rw-p 0000a000 08:05 534774                     /usr/lib/x86_64-linux-gnu/libXrender.so.1.3.0
7fb163ab5000-7fb163be8000 r-xp 00000000 08:05 534750                     /usr/lib/x86_64-linux-gnu/libX11.so.6.3.0
7fb163be8000-7fb163de8000 ---p 00133000 08:05 534750                     /usr/lib/x86_64-linux-gnu/libX11.so.6.3.0
7fb163de8000-7fb163de9000 r--p 00133000 08:05 534750                     /usr/lib/x86_64-linux-gnu/libX11.so.6.3.0
7fb163de9000-7fb163ded000 rw-p 00134000 08:05 534750                     /usr/lib/x86_64-linux-gnu/libX11.so.6.3.0
7fb163ded000-7fb163dff000 r-xp 00000000 08:05 534762                     /usr/lib/x86_64-linux-gnu/libXext.so.6.4.0
7fb163dff000-7fb163ffe000 ---p 00012000 08:05 534762                     /usr/lib/x86_64-linux-gnu/libXext.so.6.4.0
7fb163ffe000-7fb163fff000 r--p 00011000 08:05 534762                     /usr/lib/x86_64-linux-gnu/libXext.so.6.4.0
7fb163fff000-7fb164000000 rw-p 00012000 08:05 534762                     /usr/lib/x86_64-linux-gnu/libXext.so.6.4.0
7fb164000000-7fb164774000 rw-p 00000000 00:00 0 
7fb164774000-7fb168000000 ---p 00000000 00:00 0 
7fb16800b000-7fb168015000 r--s 00000000 08:05 1186275                    /usr/share/fonts/type1/mathml/Symbol.pfb
7fb168015000-7fb1680db000 rw-p 00000000 00:00 0 
7fb1680db000-7fb1680fb000 rw-s feae0000 00:05 9325                       /dev/ati/card0
7fb1680fb000-7fb16811e000 r--p 00000000 08:05 934097                     /usr/share/locale-langpack/de/LC_MESSAGES/libc.mo
7fb16811e000-7fb16816e000 r-xp 00000000 08:05 838285                     /usr/lib/jvm/java-7-oracle/jre/lib/amd64/xawt/libmawt.so
7fb16816e000-7fb16836e000 ---p 00050000 08:05 838285                     /usr/lib/jvm/java-7-oracle/jre/lib/amd64/xawt/libmawt.so
7fb16836e000-7fb168372000 rw-p 00050000 08:05 838285                     /usr/lib/jvm/java-7-oracle/jre/lib/amd64/xawt/libmawt.so
7fb168372000-7fb168373000 rw-p 00000000 00:00 0 
7fb168373000-7fb168415000 r-xp 00000000 08:05 838294                     /usr/lib/jvm/java-7-oracle/jre/lib/amd64/libawt.so
7fb168415000-7fb168615000 ---p 000a2000 08:05 838294                     /usr/lib/jvm/java-7-oracle/jre/lib/amd64/libawt.so
7fb168615000-7fb168621000 rw-p 000a2000 08:05 838294                     /usr/lib/jvm/java-7-oracle/jre/lib/amd64/libawt.so
7fb168621000-7fb168645000 rw-p 00000000 00:00 0 
7fb168645000-7fb168646000 ---p 00000000 00:00 0 
7fb168646000-7fb168746000 rw-p 00000000 00:00 0 
7fb168746000-7fb168749000 ---p 00000000 00:00 0 
7fb168749000-7fb168847000 rw-p 00000000 00:00 0 
7fb168847000-7fb16884a000 ---p 00000000 00:00 0 
7fb16884a000-7fb168948000 rw-p 00000000 00:00 0 
7fb168948000-7fb16894b000 ---p 00000000 00:00 0 
7fb16894b000-7fb168a49000 rw-p 00000000 00:00 0 
7fb168a49000-7fb168a4c000 ---p 00000000 00:00 0 
7fb168a4c000-7fb168b4a000 rw-p 00000000 00:00 0 
7fb168b4a000-7fb1693a2000 r--p 00000000 08:05 532922                     /usr/lib/locale/locale-archive
7fb1693a2000-7fb1693a5000 ---p 00000000 00:00 0 
7fb1693a5000-7fb1694a3000 rw-p 00000000 00:00 0 
7fb1694a3000-7fb1694a6000 ---p 00000000 00:00 0 
7fb1694a6000-7fb1695a4000 rw-p 00000000 00:00 0 
7fb1695a4000-7fb1695a5000 ---p 00000000 00:00 0 
7fb1695a5000-7fb16a6c9000 rw-p 00000000 00:00 0 
7fb16a6c9000-7fb16a886000 r--s 039de000 08:05 838247                     /usr/lib/jvm/java-7-oracle/jre/lib/rt.jar
7fb16a886000-7fb16fa16000 rw-p 00000000 00:00 0 
7fb16fa16000-7fb16fa17000 ---p 00000000 00:00 0 
7fb16fa17000-7fb16fb17000 rw-p 00000000 00:00 0 
7fb16fb17000-7fb16fb18000 ---p 00000000 00:00 0 
7fb16fb18000-7fb16fc18000 rw-p 00000000 00:00 0 
7fb16fc18000-7fb16fc19000 ---p 00000000 00:00 0 
7fb16fc19000-7fb16fd19000 rw-p 00000000 00:00 0 
7fb16fd19000-7fb16fd1a000 ---p 00000000 00:00 0 
7fb16fd1a000-7fb16fe25000 rw-p 00000000 00:00 0 
7fb16fe25000-7fb16fe43000 rw-p 00000000 00:00 0 
7fb16fe43000-7fb16fe6d000 rw-p 00000000 00:00 0 
7fb16fe6d000-7fb1700df000 rw-p 00000000 00:00 0 
7fb1700df000-7fb1700ea000 rw-p 00000000 00:00 0 
7fb1700ea000-7fb170108000 rw-p 00000000 00:00 0 
7fb170108000-7fb170132000 rw-p 00000000 00:00 0 
7fb170132000-7fb1703a3000 rw-p 00000000 00:00 0 
7fb1703a3000-7fb1703b9000 rw-p 00000000 00:00 0 
7fb1703b9000-7fb1704f1000 rw-p 00000000 00:00 0 
7fb1704f1000-7fb1704f2000 rw-p 00000000 00:00 0 
7fb1704f2000-7fb170762000 rwxp 00000000 00:00 0 
7fb170762000-7fb1734f2000 rw-p 00000000 00:00 0 
7fb1734f2000-7fb17350c000 r-xp 00000000 08:05 838306                     /usr/lib/jvm/java-7-oracle/jre/lib/amd64/libzip.so
7fb17350c000-7fb17370c000 ---p 0001a000 08:05 838306                     /usr/lib/jvm/java-7-oracle/jre/lib/amd64/libzip.so
7fb17370c000-7fb17370d000 rw-p 0001a000 08:05 838306                     /usr/lib/jvm/java-7-oracle/jre/lib/amd64/libzip.so
7fb17370d000-7fb173719000 r-xp 00000000 08:05 1614613                    /lib/x86_64-linux-gnu/libnss_files-2.13.so
7fb173719000-7fb173918000 ---p 0000c000 08:05 1614613                    /lib/x86_64-linux-gnu/libnss_files-2.13.so
7fb173918000-7fb173919000 r--p 0000b000 08:05 1614613                    /lib/x86_64-linux-gnu/libnss_files-2.13.so
7fb173919000-7fb17391a000 rw-p 0000c000 08:05 1614613                    /lib/x86_64-linux-gnu/libnss_files-2.13.so
7fb17391a000-7fb173924000 r-xp 00000000 08:05 1614615                    /lib/x86_64-linux-gnu/libnss_nis-2.13.so
7fb173924000-7fb173b24000 ---p 0000a000 08:05 1614615                    /lib/x86_64-linux-gnu/libnss_nis-2.13.so
7fb173b24000-7fb173b25000 r--p 0000a000 08:05 1614615                    /lib/x86_64-linux-gnu/libnss_nis-2.13.so
7fb173b25000-7fb173b26000 rw-p 0000b000 08:05 1614615                    /lib/x86_64-linux-gnu/libnss_nis-2.13.so
7fb173b26000-7fb173b3d000 r-xp 00000000 08:05 1614600                    /lib/x86_64-linux-gnu/libnsl-2.13.so
7fb173b3d000-7fb173d3c000 ---p 00017000 08:05 1614600                    /lib/x86_64-linux-gnu/libnsl-2.13.so
7fb173d3c000-7fb173d3d000 r--p 00016000 08:05 1614600                    /lib/x86_64-linux-gnu/libnsl-2.13.so
7fb173d3d000-7fb173d3e000 rw-p 00017000 08:05 1614600                    /lib/x86_64-linux-gnu/libnsl-2.13.so
7fb173d3e000-7fb173d40000 rw-p 00000000 00:00 0 
7fb173d40000-7fb173d48000 r-xp 00000000 08:05 1614602                    /lib/x86_64-linux-gnu/libnss_compat-2.13.so
7fb173d48000-7fb173f47000 ---p 00008000 08:05 1614602                    /lib/x86_64-linux-gnu/libnss_compat-2.13.so
7fb173f47000-7fb173f48000 r--p 00007000 08:05 1614602                    /lib/x86_64-linux-gnu/libnss_compat-2.13.so
7fb173f48000-7fb173f49000 rw-p 00008000 08:05 1614602                    /lib/x86_64-linux-gnu/libnss_compat-2.13.so
7fb173f49000-7fb173f72000 r-xp 00000000 08:05 838274                     /usr/lib/jvm/java-7-oracle/jre/lib/amd64/libjava.so
7fb173f72000-7fb174172000 ---p 00029000 08:05 838274                     /usr/lib/jvm/java-7-oracle/jre/lib/amd64/libjava.so
7fb174172000-7fb174174000 rw-p 00029000 08:05 838274                     /usr/lib/jvm/java-7-oracle/jre/lib/amd64/libjava.so
7fb174174000-7fb174181000 r-xp 00000000 08:05 838305                     /usr/lib/jvm/java-7-oracle/jre/lib/amd64/libverify.so
7fb174181000-7fb174380000 ---p 0000d000 08:05 838305                     /usr/lib/jvm/java-7-oracle/jre/lib/amd64/libverify.so
7fb174380000-7fb174382000 rw-p 0000c000 08:05 838305                     /usr/lib/jvm/java-7-oracle/jre/lib/amd64/libverify.so
7fb174382000-7fb174389000 r-xp 00000000 08:05 1614597                    /lib/x86_64-linux-gnu/librt-2.13.so
7fb174389000-7fb174588000 ---p 00007000 08:05 1614597                    /lib/x86_64-linux-gnu/librt-2.13.so
7fb174588000-7fb174589000 r--p 00006000 08:05 1614597                    /lib/x86_64-linux-gnu/librt-2.13.so
7fb174589000-7fb17458a000 rw-p 00007000 08:05 1614597                    /lib/x86_64-linux-gnu/librt-2.13.so
7fb17458a000-7fb17460d000 r-xp 00000000 08:05 1614610                    /lib/x86_64-linux-gnu/libm-2.13.so
7fb17460d000-7fb17480c000 ---p 00083000 08:05 1614610                    /lib/x86_64-linux-gnu/libm-2.13.so
7fb17480c000-7fb17480d000 r--p 00082000 08:05 1614610                    /lib/x86_64-linux-gnu/libm-2.13.so
7fb17480d000-7fb17480e000 rw-p 00083000 08:05 1614610                    /lib/x86_64-linux-gnu/libm-2.13.so
7fb17480e000-7fb175258000 r-xp 00000000 08:05 838281                     /usr/lib/jvm/java-7-oracle/jre/lib/amd64/server/libjvm.so
7fb175258000-7fb175457000 ---p 00a4a000 08:05 838281                     /usr/lib/jvm/java-7-oracle/jre/lib/amd64/server/libjvm.so
7fb175457000-7fb1754fb000 rw-p 00a49000 08:05 838281                     /usr/lib/jvm/java-7-oracle/jre/lib/amd64/server/libjvm.so
7fb1754fb000-7fb175536000 rw-p 00000000 00:00 0 
7fb175536000-7fb1756cf000 r-xp 00000000 08:05 1614616                    /lib/x86_64-linux-gnu/libc-2.13.so
7fb1756cf000-7fb1758ce000 ---p 00199000 08:05 1614616                    /lib/x86_64-linux-gnu/libc-2.13.so
7fb1758ce000-7fb1758d2000 r--p 00198000 08:05 1614616                    /lib/x86_64-linux-gnu/libc-2.13.so
7fb1758d2000-7fb1758d3000 rw-p 0019c000 08:05 1614616                    /lib/x86_64-linux-gnu/libc-2.13.so
7fb1758d3000-7fb1758d9000 rw-p 00000000 00:00 0 
7fb1758d9000-7fb1758db000 r-xp 00000000 08:05 1614609                    /lib/x86_64-linux-gnu/libdl-2.13.so
7fb1758db000-7fb175adb000 ---p 00002000 08:05 1614609                    /lib/x86_64-linux-gnu/libdl-2.13.so
7fb175adb000-7fb175adc000 r--p 00002000 08:05 1614609                    /lib/x86_64-linux-gnu/libdl-2.13.so
7fb175adc000-7fb175add000 rw-p 00003000 08:05 1614609                    /lib/x86_64-linux-gnu/libdl-2.13.so
7fb175add000-7fb175af3000 r-xp 00000000 08:05 838288                     /usr/lib/jvm/java-7-oracle/jre/lib/amd64/jli/libjli.so
7fb175af3000-7fb175cf3000 ---p 00016000 08:05 838288                     /usr/lib/jvm/java-7-oracle/jre/lib/amd64/jli/libjli.so
7fb175cf3000-7fb175cf4000 rw-p 00016000 08:05 838288                     /usr/lib/jvm/java-7-oracle/jre/lib/amd64/jli/libjli.so
7fb175cf4000-7fb175d0c000 r-xp 00000000 08:05 1614607                    /lib/x86_64-linux-gnu/libpthread-2.13.so
7fb175d0c000-7fb175f0b000 ---p 00018000 08:05 1614607                    /lib/x86_64-linux-gnu/libpthread-2.13.so
7fb175f0b000-7fb175f0c000 r--p 00017000 08:05 1614607                    /lib/x86_64-linux-gnu/libpthread-2.13.so
7fb175f0c000-7fb175f0d000 rw-p 00018000 08:05 1614607                    /lib/x86_64-linux-gnu/libpthread-2.13.so
7fb175f0d000-7fb175f11000 rw-p 00000000 00:00 0 
7fb175f11000-7fb175f32000 r-xp 00000000 08:05 1614614                    /lib/x86_64-linux-gnu/ld-2.13.so
7fb175f3a000-7fb175f47000 r--p 00000000 08:05 934061                     /usr/share/locale-langpack/de/LC_MESSAGES/pulseaudio.mo
7fb175f47000-7fb175f51000 rw-p 00000000 00:00 0 
7fb175f51000-7fb176007000 rw-p 00000000 00:00 0 
7fb176007000-7fb17600a000 ---p 00000000 00:00 0 
7fb17600a000-7fb17610c000 rw-p 00000000 00:00 0 
7fb176111000-7fb17611b000 r--s 00254000 08:05 838203                     /usr/lib/jvm/java-7-oracle/jre/lib/resources.jar
7fb17611b000-7fb17611c000 rw-s 00005000 00:05 9325                       /dev/ati/card0
7fb17611c000-7fb17611e000 rw-s 00002000 00:05 9325                       /dev/ati/card0
7fb17611e000-7fb176125000 r--s 00000000 08:05 831962                     /usr/lib/x86_64-linux-gnu/gconv/gconv-modules.cache
7fb176125000-7fb17612d000 rw-s 00000000 08:05 1740326                    /tmp/hsperfdata_viper100/4365 (deleted)
7fb17612d000-7fb17612e000 rw-p 00000000 00:00 0 
7fb17612e000-7fb17612f000 ---p 00000000 00:00 0 
7fb17612f000-7fb176131000 rw-p 00000000 00:00 0 
7fb176131000-7fb176132000 r--p 00020000 08:05 1614614                    /lib/x86_64-linux-gnu/ld-2.13.so
7fb176132000-7fb176134000 rw-p 00021000 08:05 1614614                    /lib/x86_64-linux-gnu/ld-2.13.so
7fffe041e000-7fffe043f000 rw-p 00000000 00:00 0                          [stack]
7fffe04f2000-7fffe04f3000 r-xp 00000000 00:00 0                          [vdso]
ffffffffff600000-ffffffffff601000 r-xp 00000000 00:00 0                  [vsyscall]

VM Arguments:
jvm_args: -Dsun.java2d.opengl=true -Dsun.java2d.d3d=false -Dfile.encoding=UTF-8 
java_command: Main
Launcher Type: SUN_STANDARD

Environment Variables:
PATH=/home/viper100/bin:/usr/lib/lightdm/lightdm:/usr/local/sbin:/usr/local/bin:/usr/sbin:/usr/bin:/sbin:/bin:/usr/games
USERNAME=viper100
SHELL=/bin/bash
DISPLAY=:0.0

Signal Handlers:
SIGSEGV: [libjvm.so+0x8a80e0], sa_mask[0]=0x7ffbfeff, sa_flags=0x10000004
SIGBUS: [libjvm.so+0x8a80e0], sa_mask[0]=0x7ffbfeff, sa_flags=0x10000004
SIGFPE: [libjvm.so+0x744170], sa_mask[0]=0x7ffbfeff, sa_flags=0x10000004
SIGPIPE: [libjvm.so+0x744170], sa_mask[0]=0x7ffbfeff, sa_flags=0x10000004
SIGXFSZ: [libjvm.so+0x744170], sa_mask[0]=0x7ffbfeff, sa_flags=0x10000004
SIGILL: [libjvm.so+0x744170], sa_mask[0]=0x7ffbfeff, sa_flags=0x10000004
SIGUSR1: SIG_DFL, sa_mask[0]=0x00000000, sa_flags=0x00000000
SIGUSR2: [libjvm.so+0x743ac0], sa_mask[0]=0x00000004, sa_flags=0x10000004
SIGHUP: [libjvm.so+0x745e50], sa_mask[0]=0x7ffbfeff, sa_flags=0x10000004
SIGINT: [libjvm.so+0x745e50], sa_mask[0]=0x7ffbfeff, sa_flags=0x10000004
SIGTERM: [libjvm.so+0x745e50], sa_mask[0]=0x7ffbfeff, sa_flags=0x10000004
SIGQUIT: [libjvm.so+0x745e50], sa_mask[0]=0x7ffbfeff, sa_flags=0x10000004


---------------  S Y S T E M  ---------------

OS:wheezy/sid

uname:Linux 3.0.0-32-generic #51-Ubuntu SMP Thu Mar 21 15:50:59 UTC 2013 x86_64
libc:glibc 2.13 NPTL 2.13 
rlimit: STACK 8192k, CORE 0k, NPROC 63357, NOFILE 4096, AS infinity
load average:1,24 0,94 0,79

/proc/meminfo:
MemTotal:        8193436 kB
MemFree:         4518248 kB
Buffers:          373068 kB
Cached:          1036940 kB
SwapCached:            0 kB
Active:          2131352 kB
Inactive:         834048 kB
Active(anon):    1556248 kB
Inactive(anon):     1564 kB
Active(file):     575104 kB
Inactive(file):   832484 kB
Unevictable:          16 kB
Mlocked:              16 kB
SwapTotal:       7812092 kB
SwapFree:        7812092 kB
Dirty:               292 kB
Writeback:             0 kB
AnonPages:       1555456 kB
Mapped:           320188 kB
Shmem:              2420 kB
Slab:             229464 kB
SReclaimable:     207228 kB
SUnreclaim:        22236 kB
KernelStack:        3808 kB
PageTables:        28532 kB
NFS_Unstable:          0 kB
Bounce:                0 kB
WritebackTmp:          0 kB
CommitLimit:    11908808 kB
Committed_AS:    4211916 kB
VmallocTotal:   34359738367 kB
VmallocUsed:      337824 kB
VmallocChunk:   34359398372 kB
HardwareCorrupted:     0 kB
AnonHugePages:         0 kB
HugePages_Total:       0
HugePages_Free:        0
HugePages_Rsvd:        0
HugePages_Surp:        0
Hugepagesize:       2048 kB
DirectMap4k:      280128 kB
DirectMap2M:     4962304 kB
DirectMap1G:     3145728 kB


CPU:total 4 (4 cores per cpu, 1 threads per core) family 16 model 4 stepping 3, cmov, cx8, fxsr, mmx, sse, sse2, sse3, popcnt, mmxext, 3dnowpref, lzcnt, sse4a, tsc, tscinvbit, tscinv

/proc/cpuinfo:
processor	: 0
vendor_id	: AuthenticAMD
cpu family	: 16
model		: 4
model name	: AMD Phenom(tm) II X4 945 Processor
stepping	: 3
cpu MHz		: 800.000
cache size	: 512 KB
physical id	: 0
siblings	: 4
core id		: 0
cpu cores	: 4
apicid		: 0
initial apicid	: 0
fpu		: yes
fpu_exception	: yes
cpuid level	: 5
wp		: yes
flags		: fpu vme de pse tsc msr pae mce cx8 apic sep mtrr pge mca cmov pat pse36 clflush mmx fxsr sse sse2 ht syscall nx mmxext fxsr_opt pdpe1gb rdtscp lm 3dnowext 3dnow constant_tsc rep_good nopl nonstop_tsc extd_apicid pni monitor cx16 popcnt lahf_lm cmp_legacy svm extapic cr8_legacy abm sse4a misalignsse 3dnowprefetch osvw ibs skinit wdt npt lbrv svm_lock nrip_save
bogomips	: 6015.10
TLB size	: 1024 4K pages
clflush size	: 64
cache_alignment	: 64
address sizes	: 48 bits physical, 48 bits virtual
power management: ts ttp tm stc 100mhzsteps hwpstate

processor	: 1
vendor_id	: AuthenticAMD
cpu family	: 16
model		: 4
model name	: AMD Phenom(tm) II X4 945 Processor
stepping	: 3
cpu MHz		: 800.000
cache size	: 512 KB
physical id	: 0
siblings	: 4
core id		: 1
cpu cores	: 4
apicid		: 1
initial apicid	: 1
fpu		: yes
fpu_exception	: yes
cpuid level	: 5
wp		: yes
flags		: fpu vme de pse tsc msr pae mce cx8 apic sep mtrr pge mca cmov pat pse36 clflush mmx fxsr sse sse2 ht syscall nx mmxext fxsr_opt pdpe1gb rdtscp lm 3dnowext 3dnow constant_tsc rep_good nopl nonstop_tsc extd_apicid pni monitor cx16 popcnt lahf_lm cmp_legacy svm extapic cr8_legacy abm sse4a misalignsse 3dnowprefetch osvw ibs skinit wdt npt lbrv svm_lock nrip_save
bogomips	: 6015.14
TLB size	: 1024 4K pages
clflush size	: 64
cache_alignment	: 64
address sizes	: 48 bits physical, 48 bits virtual
power management: ts ttp tm stc 100mhzsteps hwpstate

processor	: 2
vendor_id	: AuthenticAMD
cpu family	: 16
model		: 4
model name	: AMD Phenom(tm) II X4 945 Processor
stepping	: 3
cpu MHz		: 800.000
cache size	: 512 KB
physical id	: 0
siblings	: 4
core id		: 2
cpu cores	: 4
apicid		: 2
initial apicid	: 2
fpu		: yes
fpu_exception	: yes
cpuid level	: 5
wp		: yes
flags		: fpu vme de pse tsc msr pae mce cx8 apic sep mtrr pge mca cmov pat pse36 clflush mmx fxsr sse sse2 ht syscall nx mmxext fxsr_opt pdpe1gb rdtscp lm 3dnowext 3dnow constant_tsc rep_good nopl nonstop_tsc extd_apicid pni monitor cx16 popcnt lahf_lm cmp_legacy svm extapic cr8_legacy abm sse4a misalignsse 3dnowprefetch osvw ibs skinit wdt npt lbrv svm_lock nrip_save
bogomips	: 6015.15
TLB size	: 1024 4K pages
clflush size	: 64
cache_alignment	: 64
address sizes	: 48 bits physical, 48 bits virtual
power management: ts ttp tm stc 100mhzsteps hwpstate

processor	: 3
vendor_id	: AuthenticAMD
cpu family	: 16
model		: 4
model name	: AMD Phenom(tm) II X4 945 Processor
stepping	: 3
cpu MHz		: 800.000
cache size	: 512 KB
physical id	: 0
siblings	: 4
core id		: 3
cpu cores	: 4
apicid		: 3
initial apicid	: 3
fpu		: yes
fpu_exception	: yes
cpuid level	: 5
wp		: yes
flags		: fpu vme de pse tsc msr pae mce cx8 apic sep mtrr pge mca cmov pat pse36 clflush mmx fxsr sse sse2 ht syscall nx mmxext fxsr_opt pdpe1gb rdtscp lm 3dnowext 3dnow constant_tsc rep_good nopl nonstop_tsc extd_apicid pni monitor cx16 popcnt lahf_lm cmp_legacy svm extapic cr8_legacy abm sse4a misalignsse 3dnowprefetch osvw ibs skinit wdt npt lbrv svm_lock nrip_save
bogomips	: 6015.15
TLB size	: 1024 4K pages
clflush size	: 64
cache_alignment	: 64
address sizes	: 48 bits physical, 48 bits virtual
power management: ts ttp tm stc 100mhzsteps hwpstate



Memory: 4k page, physical 8193436k(4518248k free), swap 7812092k(7812092k free)

vm_info: Java HotSpot(TM) 64-Bit Server VM (23.21-b01) for linux-amd64 JRE (1.7.0_21-b11), built on Apr  4 2013 04:03:29 by "java_re" with gcc 4.3.0 20080428 (Red Hat 4.3.0-8)

time: Mon Jul  8 18:26:27 2013
elapsed time: 6 seconds

